Pcap을 Tsv로 변환합니다.
현재 작업 파일 리스트 : ['trace_2019-12-04_10:51:21.pcap']
서브 프로세스 : trace_2019-12-04_10:51:21.pcap
trace_2019-12-04_10:51:21.pcap ok
현재 작업 파일 리스트 : ['trace_2019-12-04_10:51:26.pcap']
서브 프로세스 : trace_2019-12-04_10:51:26.pcap
trace_2019-12-04_10:51:26.pcap ok
현재 작업 파일 리스트 : ['trace_2019-12-04_10:51:31.pcap']
서브 프로세스 : trace_2019-12-04_10:51:31.pcap
trace_2019-12-04_10:51:31.pcap ok
현재 작업 파일 리스트 : ['trace_2019-12-04_10:51:36.pcap']
서브 프로세스 : trace_2019-12-04_10:51:36.pcap
trace_2019-12-04_10:51:36.pcap ok
현재 작업 파일 리스트 : ['trace_2019-12-04_10:51:41.pcap']
서브 프로세스 : trace_2019-12-04_10:51:41.pcap
trace_2019-12-04_10:51:41.pcap ok
현재 작업 파일 리스트 : ['trace_2019-12-04_10:51:46.pcap', 'trace_2019-12-04_10:51:51.pcap']
서브 프로세스 : trace_2019-12-04_10:51:46.pcap
서브 프로세스 : trace_2019-12-04_10:51:51.pcap
trace_2019-12-04_10:51:46.pcap ok
trace_2019-12-04_10:51:51.pcap ok
현재 작업 파일 리스트 : ['trace_2019-12-04_10:51:56.pcap']
서브 프로세스 : trace_2019-12-04_10:51:56.pcap
trace_2019-12-04_10:51:56.pcap ok
현재 작업 파일 리스트 : ['trace_2019-12-04_10:52:01.pcap']
서브 프로세스 : trace_2019-12-04_10:52:01.pcap
trace_2019-12-04_10:52:01.pcap ok
현재 작업 파일 리스트 : ['trace_2019-12-04_10:52:06.pcap']
서브 프로세스 : trace_2019-12-04_10:52:06.pcap
trace_2019-12-04_10:52:06.pcap ok
현재 작업 파일 리스트 : ['trace_2019-12-04_10:52:17.pcap', 'trace_2019-12-04_10:52:11.pcap']
서브 프로세스 : trace_2019-12-04_10:52:17.pcap
서브 프로세스 : trace_2019-12-04_10:52:11.pcap
trace_2019-12-04_10:52:11.pcap ok
trace_2019-12-04_10:52:17.pcap ok
현재 작업 파일 리스트 : ['trace_2019-12-04_10:52:22.pcap']
서브 프로세스 : trace_2019-12-04_10:52:22.pcap
trace_2019-12-04_10:52:22.pcap ok
현재 작업 파일 리스트 : ['trace_2019-12-04_10:52:27.pcap']
서브 프로세스 : trace_2019-12-04_10:52:27.pcap
trace_2019-12-04_10:52:27.pcap ok
현재 작업 파일 리스트 : ['trace_2019-12-04_10:52:32.pcap']
서브 프로세스 : trace_2019-12-04_10:52:32.pcap
trace_2019-12-04_10:52:32.pcap ok
현재 작업 파일 리스트 : ['trace_2019-12-04_10:52:37.pcap', 'trace_2019-12-04_10:52:43.pcap']
서브 프로세스 : trace_2019-12-04_10:52:37.pcap
서브 프로세스 : trace_2019-12-04_10:52:43.pcap
trace_2019-12-04_10:52:37.pcap ok
trace_2019-12-04_10:52:43.pcap ok
현재 작업 파일 리스트 : ['trace_2019-12-04_10:52:48.pcap']
서브 프로세스 : trace_2019-12-04_10:52:48.pcap
trace_2019-12-04_10:52:48.pcap ok
현재 작업 파일 리스트 : ['trace_2019-12-04_10:52:53.pcap']
서브 프로세스 : trace_2019-12-04_10:52:53.pcap
trace_2019-12-04_10:52:53.pcap ok
현재 작업 파일 리스트 : ['trace_2019-12-04_10:52:58.pcap', 'trace_2019-12-04_10:53:03.pcap']
서브 프로세스 : trace_2019-12-04_10:52:58.pcap
서브 프로세스 : trace_2019-12-04_10:53:03.pcap
trace_2019-12-04_10:52:58.pcap ok
trace_2019-12-04_10:53:03.pcap ok
현재 작업 파일 리스트 : ['trace_2019-12-04_10:53:09.pcap']
서브 프로세스 : trace_2019-12-04_10:53:09.pcap
trace_2019-12-04_10:53:09.pcap ok
현재 작업 파일 리스트 : ['trace_2019-12-04_10:53:14.pcap']
서브 프로세스 : trace_2019-12-04_10:53:14.pcap
trace_2019-12-04_10:53:14.pcap ok
현재 작업 파일 리스트 : ['trace_2019-12-04_10:53:24.pcap', 'trace_2019-12-04_10:53:19.pcap']
서브 프로세스 : trace_2019-12-04_10:53:24.pcap
서브 프로세스 : trace_2019-12-04_10:53:19.pcap
trace_2019-12-04_10:53:24.pcap ok
trace_2019-12-04_10:53:19.pcap ok
현재 작업 파일 리스트 : ['trace_2019-12-04_10:53:29.pcap']
서브 프로세스 : trace_2019-12-04_10:53:29.pcap
trace_2019-12-04_10:53:29.pcap ok
현재 작업 파일 리스트 : ['trace_2019-12-04_10:53:35.pcap']
서브 프로세스 : trace_2019-12-04_10:53:35.pcap
trace_2019-12-04_10:53:35.pcap ok
현재 작업 파일 리스트 : ['trace_2019-12-04_10:53:40.pcap']
서브 프로세스 : trace_2019-12-04_10:53:40.pcap
trace_2019-12-04_10:53:40.pcap ok
현재 작업 파일 리스트 : ['trace_2019-12-04_10:53:50.pcap', 'trace_2019-12-04_10:53:45.pcap']
서브 프로세스 : trace_2019-12-04_10:53:50.pcap
서브 프로세스 : trace_2019-12-04_10:53:45.pcap
tshark: The file "/home/pi/packet_convert/raw_pcap/trace_2019-12-04_10:53:50.pcap" appears to have been cut short in the middle of a packet.
trace_2019-12-04_10:53:45.pcap ok
trace_2019-12-04_10:53:50.pcap ok
현재 작업 파일 리스트 : ['trace_2019-12-04_10:53:55.pcap']
서브 프로세스 : trace_2019-12-04_10:53:55.pcap
trace_2019-12-04_10:53:55.pcap ok
현재 작업 파일 리스트 : ['trace_2019-12-04_10:54:01.pcap']
서브 프로세스 : trace_2019-12-04_10:54:01.pcap
trace_2019-12-04_10:54:01.pcap ok
현재 작업 파일 리스트 : ['trace_2019-12-04_10:54:06.pcap']
서브 프로세스 : trace_2019-12-04_10:54:06.pcap
trace_2019-12-04_10:54:06.pcap ok
현재 작업 파일 리스트 : ['trace_2019-12-04_10:54:11.pcap']
서브 프로세스 : trace_2019-12-04_10:54:11.pcap
trace_2019-12-04_10:54:11.pcap ok
현재 작업 파일 리스트 : ['trace_2019-12-04_10:54:16.pcap']
서브 프로세스 : trace_2019-12-04_10:54:16.pcap
trace_2019-12-04_10:54:16.pcap ok
현재 작업 파일 리스트 : ['trace_2019-12-04_10:54:21.pcap']
서브 프로세스 : trace_2019-12-04_10:54:21.pcap
trace_2019-12-04_10:54:21.pcap ok
현재 작업 파일 리스트 : ['trace_2019-12-04_10:54:27.pcap']
서브 프로세스 : trace_2019-12-04_10:54:27.pcap
trace_2019-12-04_10:54:27.pcap ok
현재 작업 파일 리스트 : ['trace_2019-12-04_10:54:32.pcap']
서브 프로세스 : trace_2019-12-04_10:54:32.pcap
trace_2019-12-04_10:54:32.pcap ok
현재 작업 파일 리스트 : ['trace_2019-12-04_10:54:37.pcap']
서브 프로세스 : trace_2019-12-04_10:54:37.pcap
trace_2019-12-04_10:54:37.pcap ok
현재 작업 파일 리스트 : ['trace_2019-12-04_10:54:42.pcap']
서브 프로세스 : trace_2019-12-04_10:54:42.pcap
trace_2019-12-04_10:54:42.pcap ok
현재 작업 파일 리스트 : ['trace_2019-12-04_10:54:53.pcap', 'trace_2019-12-04_10:54:47.pcap']
서브 프로세스 : trace_2019-12-04_10:54:53.pcap
서브 프로세스 : trace_2019-12-04_10:54:47.pcap
tshark: The file "/home/pi/packet_convert/raw_pcap/trace_2019-12-04_10:54:53.pcap" appears to have been cut short in the middle of a packet.
trace_2019-12-04_10:54:47.pcap ok
trace_2019-12-04_10:54:53.pcap ok
현재 작업 파일 리스트 : ['trace_2019-12-04_10:54:58.pcap']
서브 프로세스 : trace_2019-12-04_10:54:58.pcap
trace_2019-12-04_10:54:58.pcap ok
현재 작업 파일 리스트 : ['trace_2019-12-04_10:55:03.pcap']
서브 프로세스 : trace_2019-12-04_10:55:03.pcap
trace_2019-12-04_10:55:03.pcap ok
현재 작업 파일 리스트 : ['trace_2019-12-04_10:55:08.pcap']
서브 프로세스 : trace_2019-12-04_10:55:08.pcap
trace_2019-12-04_10:55:08.pcap ok
현재 작업 파일 리스트 : ['trace_2019-12-04_10:55:13.pcap']
서브 프로세스 : trace_2019-12-04_10:55:13.pcap
trace_2019-12-04_10:55:13.pcap ok
현재 작업 파일 리스트 : ['trace_2019-12-04_10:55:19.pcap']
서브 프로세스 : trace_2019-12-04_10:55:19.pcap
trace_2019-12-04_10:55:19.pcap ok
현재 작업 파일 리스트 : ['trace_2019-12-04_10:55:24.pcap']
서브 프로세스 : trace_2019-12-04_10:55:24.pcap
trace_2019-12-04_10:55:24.pcap ok
현재 작업 파일 리스트 : ['trace_2019-12-04_10:55:29.pcap']
서브 프로세스 : trace_2019-12-04_10:55:29.pcap
trace_2019-12-04_10:55:29.pcap ok
현재 작업 파일 리스트 : ['trace_2019-12-04_10:55:34.pcap']
서브 프로세스 : trace_2019-12-04_10:55:34.pcap
trace_2019-12-04_10:55:34.pcap ok
현재 작업 파일 리스트 : ['trace_2019-12-04_10:55:39.pcap']
서브 프로세스 : trace_2019-12-04_10:55:39.pcap
trace_2019-12-04_10:55:39.pcap ok
현재 작업 파일 리스트 : ['trace_2019-12-04_10:55:45.pcap']
서브 프로세스 : trace_2019-12-04_10:55:45.pcap
trace_2019-12-04_10:55:45.pcap ok
현재 작업 파일 리스트 : ['trace_2019-12-04_10:55:50.pcap']
서브 프로세스 : trace_2019-12-04_10:55:50.pcap
trace_2019-12-04_10:55:50.pcap ok
현재 작업 파일 리스트 : ['trace_2019-12-04_10:55:55.pcap']
서브 프로세스 : trace_2019-12-04_10:55:55.pcap
trace_2019-12-04_10:55:55.pcap ok
현재 작업 파일 리스트 : ['trace_2019-12-04_10:56:00.pcap']
서브 프로세스 : trace_2019-12-04_10:56:00.pcap
trace_2019-12-04_10:56:00.pcap ok
현재 작업 파일 리스트 : ['trace_2019-12-04_10:56:05.pcap']
서브 프로세스 : trace_2019-12-04_10:56:05.pcap
trace_2019-12-04_10:56:05.pcap ok
현재 작업 파일 리스트 : ['trace_2019-12-04_10:56:16.pcap', 'trace_2019-12-04_10:56:11.pcap']
서브 프로세스 : trace_2019-12-04_10:56:16.pcap
서브 프로세스 : trace_2019-12-04_10:56:11.pcap
tshark: The file "/home/pi/packet_convert/raw_pcap/trace_2019-12-04_10:56:16.pcap" appears to have been cut short in the middle of a packet.
trace_2019-12-04_10:56:16.pcap ok
trace_2019-12-04_10:56:11.pcap ok
현재 작업 파일 리스트 : ['trace_2019-12-04_10:56:21.pcap']
서브 프로세스 : trace_2019-12-04_10:56:21.pcap
trace_2019-12-04_10:56:21.pcap ok
현재 작업 파일 리스트 : ['trace_2019-12-04_10:56:26.pcap']
서브 프로세스 : trace_2019-12-04_10:56:26.pcap
trace_2019-12-04_10:56:26.pcap ok
현재 작업 파일 리스트 : ['trace_2019-12-04_10:56:31.pcap']
서브 프로세스 : trace_2019-12-04_10:56:31.pcap
trace_2019-12-04_10:56:31.pcap ok
현재 작업 파일 리스트 : ['trace_2019-12-04_10:56:37.pcap']
서브 프로세스 : trace_2019-12-04_10:56:37.pcap
trace_2019-12-04_10:56:37.pcap ok
현재 작업 파일 리스트 : ['trace_2019-12-04_10:56:42.pcap']
서브 프로세스 : trace_2019-12-04_10:56:42.pcap
trace_2019-12-04_10:56:42.pcap ok
현재 작업 파일 리스트 : ['trace_2019-12-04_10:56:47.pcap']
서브 프로세스 : trace_2019-12-04_10:56:47.pcap
trace_2019-12-04_10:56:47.pcap ok
현재 작업 파일 리스트 : ['trace_2019-12-04_10:56:52.pcap']
서브 프로세스 : trace_2019-12-04_10:56:52.pcap
trace_2019-12-04_10:56:52.pcap ok
현재 작업 파일 리스트 : ['trace_2019-12-04_10:56:57.pcap']
서브 프로세스 : trace_2019-12-04_10:56:57.pcap
trace_2019-12-04_10:56:57.pcap ok
현재 작업 파일 리스트 : ['trace_2019-12-04_10:57:03.pcap']
서브 프로세스 : trace_2019-12-04_10:57:03.pcap
trace_2019-12-04_10:57:03.pcap ok
현재 작업 파일 리스트 : ['trace_2019-12-04_10:57:08.pcap']
서브 프로세스 : trace_2019-12-04_10:57:08.pcap
trace_2019-12-04_10:57:08.pcap ok
현재 작업 파일 리스트 : ['trace_2019-12-04_10:57:13.pcap']
서브 프로세스 : trace_2019-12-04_10:57:13.pcap
trace_2019-12-04_10:57:13.pcap ok
현재 작업 파일 리스트 : ['trace_2019-12-04_10:57:18.pcap']
서브 프로세스 : trace_2019-12-04_10:57:18.pcap
trace_2019-12-04_10:57:18.pcap ok
현재 작업 파일 리스트 : ['trace_2019-12-04_10:57:29.pcap', 'trace_2019-12-04_10:57:23.pcap']
서브 프로세스 : trace_2019-12-04_10:57:29.pcap
서브 프로세스 : trace_2019-12-04_10:57:23.pcap
tshark: The file "/home/pi/packet_convert/raw_pcap/trace_2019-12-04_10:57:29.pcap" appears to have been cut short in the middle of a packet.
trace_2019-12-04_10:57:29.pcap ok
trace_2019-12-04_10:57:23.pcap ok
현재 작업 파일 리스트 : ['trace_2019-12-04_10:57:34.pcap']
서브 프로세스 : trace_2019-12-04_10:57:34.pcap
trace_2019-12-04_10:57:34.pcap ok
현재 작업 파일 리스트 : ['trace_2019-12-04_10:57:39.pcap']
서브 프로세스 : trace_2019-12-04_10:57:39.pcap
trace_2019-12-04_10:57:39.pcap ok
현재 작업 파일 리스트 : ['trace_2019-12-04_10:57:44.pcap']
서브 프로세스 : trace_2019-12-04_10:57:44.pcap
trace_2019-12-04_10:57:44.pcap ok
현재 작업 파일 리스트 : ['trace_2019-12-04_10:57:49.pcap']
서브 프로세스 : trace_2019-12-04_10:57:49.pcap
trace_2019-12-04_10:57:49.pcap ok
현재 작업 파일 리스트 : ['trace_2019-12-04_10:57:55.pcap']
서브 프로세스 : trace_2019-12-04_10:57:55.pcap
trace_2019-12-04_10:57:55.pcap ok
현재 작업 파일 리스트 : ['trace_2019-12-04_10:58:00.pcap']
서브 프로세스 : trace_2019-12-04_10:58:00.pcap
trace_2019-12-04_10:58:00.pcap ok
현재 작업 파일 리스트 : ['trace_2019-12-04_10:58:05.pcap']
서브 프로세스 : trace_2019-12-04_10:58:05.pcap
trace_2019-12-04_10:58:05.pcap ok
현재 작업 파일 리스트 : ['trace_2019-12-04_10:58:10.pcap']
서브 프로세스 : trace_2019-12-04_10:58:10.pcap
trace_2019-12-04_10:58:10.pcap ok
현재 작업 파일 리스트 : ['trace_2019-12-04_10:58:21.pcap', 'trace_2019-12-04_10:58:15.pcap']
서브 프로세스 : trace_2019-12-04_10:58:21.pcap
서브 프로세스 : trace_2019-12-04_10:58:15.pcap
tshark: The file "/home/pi/packet_convert/raw_pcap/trace_2019-12-04_10:58:21.pcap" appears to have been cut short in the middle of a packet.
trace_2019-12-04_10:58:21.pcap ok
trace_2019-12-04_10:58:15.pcap ok
현재 작업 파일 리스트 : ['trace_2019-12-04_10:58:26.pcap']
서브 프로세스 : trace_2019-12-04_10:58:26.pcap
trace_2019-12-04_10:58:26.pcap ok
현재 작업 파일 리스트 : ['trace_2019-12-04_10:58:31.pcap']
서브 프로세스 : trace_2019-12-04_10:58:31.pcap
trace_2019-12-04_10:58:31.pcap ok
현재 작업 파일 리스트 : ['trace_2019-12-04_10:58:36.pcap']
서브 프로세스 : trace_2019-12-04_10:58:36.pcap
trace_2019-12-04_10:58:36.pcap ok
현재 작업 파일 리스트 : ['trace_2019-12-04_10:58:41.pcap']
서브 프로세스 : trace_2019-12-04_10:58:41.pcap
trace_2019-12-04_10:58:41.pcap ok
현재 작업 파일 리스트 : ['trace_2019-12-04_10:58:47.pcap']
서브 프로세스 : trace_2019-12-04_10:58:47.pcap
trace_2019-12-04_10:58:47.pcap ok
현재 작업 파일 리스트 : ['trace_2019-12-04_10:58:52.pcap']
서브 프로세스 : trace_2019-12-04_10:58:52.pcap
trace_2019-12-04_10:58:52.pcap ok
현재 작업 파일 리스트 : ['trace_2019-12-04_10:58:57.pcap']
서브 프로세스 : trace_2019-12-04_10:58:57.pcap
trace_2019-12-04_10:58:57.pcap ok
현재 작업 파일 리스트 : ['trace_2019-12-04_10:59:02.pcap']
서브 프로세스 : trace_2019-12-04_10:59:02.pcap
trace_2019-12-04_10:59:02.pcap ok
현재 작업 파일 리스트 : ['trace_2019-12-04_10:59:13.pcap', 'trace_2019-12-04_10:59:07.pcap']
서브 프로세스 : trace_2019-12-04_10:59:13.pcap
서브 프로세스 : trace_2019-12-04_10:59:07.pcap
tshark: The file "/home/pi/packet_convert/raw_pcap/trace_2019-12-04_10:59:13.pcap" appears to have been cut short in the middle of a packet.
trace_2019-12-04_10:59:13.pcap ok
trace_2019-12-04_10:59:07.pcap ok
현재 작업 파일 리스트 : ['trace_2019-12-04_10:59:18.pcap']
서브 프로세스 : trace_2019-12-04_10:59:18.pcap
trace_2019-12-04_10:59:18.pcap ok
현재 작업 파일 리스트 : ['trace_2019-12-04_10:59:23.pcap']
서브 프로세스 : trace_2019-12-04_10:59:23.pcap
trace_2019-12-04_10:59:23.pcap ok
현재 작업 파일 리스트 : ['trace_2019-12-04_10:59:28.pcap']
서브 프로세스 : trace_2019-12-04_10:59:28.pcap
trace_2019-12-04_10:59:28.pcap ok
현재 작업 파일 리스트 : ['trace_2019-12-04_10:59:33.pcap']
서브 프로세스 : trace_2019-12-04_10:59:33.pcap
trace_2019-12-04_10:59:33.pcap ok
현재 작업 파일 리스트 : ['trace_2019-12-04_10:59:39.pcap']
서브 프로세스 : trace_2019-12-04_10:59:39.pcap
trace_2019-12-04_10:59:39.pcap ok
현재 작업 파일 리스트 : ['trace_2019-12-04_10:59:44.pcap']
서브 프로세스 : trace_2019-12-04_10:59:44.pcap
trace_2019-12-04_10:59:44.pcap ok
현재 작업 파일 리스트 : ['trace_2019-12-04_10:59:49.pcap']
서브 프로세스 : trace_2019-12-04_10:59:49.pcap
trace_2019-12-04_10:59:49.pcap ok
현재 작업 파일 리스트 : ['trace_2019-12-04_10:59:54.pcap']
서브 프로세스 : trace_2019-12-04_10:59:54.pcap
trace_2019-12-04_10:59:54.pcap ok
현재 작업 파일 리스트 : ['trace_2019-12-04_10:59:59.pcap']
서브 프로세스 : trace_2019-12-04_10:59:59.pcap
trace_2019-12-04_10:59:59.pcap ok
현재 작업 파일 리스트 : ['trace_2019-12-04_11:00:05.pcap']
서브 프로세스 : trace_2019-12-04_11:00:05.pcap
trace_2019-12-04_11:00:05.pcap ok
현재 작업 파일 리스트 : ['trace_2019-12-04_11:00:15.pcap', 'trace_2019-12-04_11:00:10.pcap']
서브 프로세스 : trace_2019-12-04_11:00:15.pcap
서브 프로세스 : trace_2019-12-04_11:00:10.pcap
tshark: The file "/home/pi/packet_convert/raw_pcap/trace_2019-12-04_11:00:15.pcap" appears to have been cut short in the middle of a packet.
trace_2019-12-04_11:00:15.pcap ok
trace_2019-12-04_11:00:10.pcap ok
현재 작업 파일 리스트 : ['trace_2019-12-04_11:00:20.pcap']
서브 프로세스 : trace_2019-12-04_11:00:20.pcap
trace_2019-12-04_11:00:20.pcap ok
현재 작업 파일 리스트 : ['trace_2019-12-04_11:00:25.pcap']
서브 프로세스 : trace_2019-12-04_11:00:25.pcap
trace_2019-12-04_11:00:25.pcap ok
현재 작업 파일 리스트 : ['trace_2019-12-04_11:00:31.pcap']
서브 프로세스 : trace_2019-12-04_11:00:31.pcap
trace_2019-12-04_11:00:31.pcap ok
현재 작업 파일 리스트 : ['trace_2019-12-04_11:00:36.pcap']
서브 프로세스 : trace_2019-12-04_11:00:36.pcap
trace_2019-12-04_11:00:36.pcap ok
현재 작업 파일 리스트 : ['trace_2019-12-04_11:00:41.pcap']
서브 프로세스 : trace_2019-12-04_11:00:41.pcap
trace_2019-12-04_11:00:41.pcap ok
현재 작업 파일 리스트 : ['trace_2019-12-04_11:00:46.pcap']
서브 프로세스 : trace_2019-12-04_11:00:46.pcap
trace_2019-12-04_11:00:46.pcap ok
현재 작업 파일 리스트 : ['trace_2019-12-04_11:00:51.pcap']
서브 프로세스 : trace_2019-12-04_11:00:51.pcap
trace_2019-12-04_11:00:51.pcap ok
현재 작업 파일 리스트 : ['trace_2019-12-04_11:00:57.pcap']
서브 프로세스 : trace_2019-12-04_11:00:57.pcap
trace_2019-12-04_11:00:57.pcap ok
현재 작업 파일 리스트 : ['trace_2019-12-04_11:01:02.pcap']
서브 프로세스 : trace_2019-12-04_11:01:02.pcap
trace_2019-12-04_11:01:02.pcap ok
현재 작업 파일 리스트 : ['trace_2019-12-04_11:01:07.pcap']
서브 프로세스 : trace_2019-12-04_11:01:07.pcap
trace_2019-12-04_11:01:07.pcap ok
현재 작업 파일 리스트 : ['trace_2019-12-04_11:01:12.pcap']
서브 프로세스 : trace_2019-12-04_11:01:12.pcap
trace_2019-12-04_11:01:12.pcap ok
현재 작업 파일 리스트 : ['trace_2019-12-04_11:01:23.pcap', 'trace_2019-12-04_11:01:17.pcap']
서브 프로세스 : trace_2019-12-04_11:01:23.pcap
서브 프로세스 : trace_2019-12-04_11:01:17.pcap
tshark: The file "/home/pi/packet_convert/raw_pcap/trace_2019-12-04_11:01:23.pcap" appears to have been cut short in the middle of a packet.
trace_2019-12-04_11:01:17.pcap ok
trace_2019-12-04_11:01:23.pcap ok
현재 작업 파일 리스트 : ['trace_2019-12-04_11:01:28.pcap']
서브 프로세스 : trace_2019-12-04_11:01:28.pcap
trace_2019-12-04_11:01:28.pcap ok
현재 작업 파일 리스트 : ['trace_2019-12-04_11:01:33.pcap']
서브 프로세스 : trace_2019-12-04_11:01:33.pcap
trace_2019-12-04_11:01:33.pcap ok
현재 작업 파일 리스트 : ['trace_2019-12-04_11:01:38.pcap']
서브 프로세스 : trace_2019-12-04_11:01:38.pcap
trace_2019-12-04_11:01:38.pcap ok
현재 작업 파일 리스트 : ['trace_2019-12-04_11:01:43.pcap']
서브 프로세스 : trace_2019-12-04_11:01:43.pcap
trace_2019-12-04_11:01:43.pcap ok
현재 작업 파일 리스트 : ['trace_2019-12-04_11:01:49.pcap']
서브 프로세스 : trace_2019-12-04_11:01:49.pcap
trace_2019-12-04_11:01:49.pcap ok
현재 작업 파일 리스트 : ['trace_2019-12-04_11:01:54.pcap']
서브 프로세스 : trace_2019-12-04_11:01:54.pcap
trace_2019-12-04_11:01:54.pcap ok
현재 작업 파일 리스트 : ['trace_2019-12-04_11:01:59.pcap']
서브 프로세스 : trace_2019-12-04_11:01:59.pcap
trace_2019-12-04_11:01:59.pcap ok
현재 작업 파일 리스트 : ['trace_2019-12-04_11:02:04.pcap']
서브 프로세스 : trace_2019-12-04_11:02:04.pcap
trace_2019-12-04_11:02:04.pcap ok
현재 작업 파일 리스트 : ['trace_2019-12-04_11:02:09.pcap']
서브 프로세스 : trace_2019-12-04_11:02:09.pcap
trace_2019-12-04_11:02:09.pcap ok
현재 작업 파일 리스트 : ['trace_2019-12-04_11:02:15.pcap']
서브 프로세스 : trace_2019-12-04_11:02:15.pcap
trace_2019-12-04_11:02:15.pcap ok
현재 작업 파일 리스트 : ['trace_2019-12-04_11:02:20.pcap']
서브 프로세스 : trace_2019-12-04_11:02:20.pcap
trace_2019-12-04_11:02:20.pcap ok
현재 작업 파일 리스트 : ['trace_2019-12-04_11:02:30.pcap', 'trace_2019-12-04_11:02:25.pcap']
서브 프로세스 : trace_2019-12-04_11:02:30.pcap
서브 프로세스 : trace_2019-12-04_11:02:25.pcap
tshark: The file "/home/pi/packet_convert/raw_pcap/trace_2019-12-04_11:02:30.pcap" appears to have been cut short in the middle of a packet.
trace_2019-12-04_11:02:25.pcap ok
trace_2019-12-04_11:02:30.pcap ok
현재 작업 파일 리스트 : ['trace_2019-12-04_11:02:35.pcap']
서브 프로세스 : trace_2019-12-04_11:02:35.pcap
trace_2019-12-04_11:02:35.pcap ok
현재 작업 파일 리스트 : ['trace_2019-12-04_11:02:41.pcap']
서브 프로세스 : trace_2019-12-04_11:02:41.pcap
trace_2019-12-04_11:02:41.pcap ok
현재 작업 파일 리스트 : ['trace_2019-12-04_11:02:46.pcap']
서브 프로세스 : trace_2019-12-04_11:02:46.pcap
trace_2019-12-04_11:02:46.pcap ok
현재 작업 파일 리스트 : ['trace_2019-12-04_11:02:51.pcap']
서브 프로세스 : trace_2019-12-04_11:02:51.pcap
trace_2019-12-04_11:02:51.pcap ok
현재 작업 파일 리스트 : ['trace_2019-12-04_11:02:56.pcap']
서브 프로세스 : trace_2019-12-04_11:02:56.pcap
trace_2019-12-04_11:02:56.pcap ok
현재 작업 파일 리스트 : ['trace_2019-12-04_11:03:01.pcap']
서브 프로세스 : trace_2019-12-04_11:03:01.pcap
trace_2019-12-04_11:03:01.pcap ok
현재 작업 파일 리스트 : ['trace_2019-12-04_11:03:07.pcap']
서브 프로세스 : trace_2019-12-04_11:03:07.pcap
trace_2019-12-04_11:03:07.pcap ok
현재 작업 파일 리스트 : ['trace_2019-12-04_11:03:17.pcap', 'trace_2019-12-04_11:03:12.pcap']
서브 프로세스 : trace_2019-12-04_11:03:17.pcap
서브 프로세스 : trace_2019-12-04_11:03:12.pcap
trace_2019-12-04_11:03:12.pcap ok
trace_2019-12-04_11:03:17.pcap ok
현재 작업 파일 리스트 : ['trace_2019-12-04_11:03:22.pcap']
서브 프로세스 : trace_2019-12-04_11:03:22.pcap
trace_2019-12-04_11:03:22.pcap ok
현재 작업 파일 리스트 : ['trace_2019-12-04_11:03:27.pcap']
서브 프로세스 : trace_2019-12-04_11:03:27.pcap
trace_2019-12-04_11:03:27.pcap ok
현재 작업 파일 리스트 : ['trace_2019-12-04_11:03:33.pcap']
서브 프로세스 : trace_2019-12-04_11:03:33.pcap
trace_2019-12-04_11:03:33.pcap ok
현재 작업 파일 리스트 : ['trace_2019-12-04_11:03:38.pcap']
서브 프로세스 : trace_2019-12-04_11:03:38.pcap
trace_2019-12-04_11:03:38.pcap ok
현재 작업 파일 리스트 : ['trace_2019-12-04_11:03:43.pcap']
서브 프로세스 : trace_2019-12-04_11:03:43.pcap
trace_2019-12-04_11:03:43.pcap ok
현재 작업 파일 리스트 : ['trace_2019-12-04_11:03:48.pcap']
서브 프로세스 : trace_2019-12-04_11:03:48.pcap
trace_2019-12-04_11:03:48.pcap ok
현재 작업 파일 리스트 : ['trace_2019-12-04_11:03:53.pcap']
서브 프로세스 : trace_2019-12-04_11:03:53.pcap
trace_2019-12-04_11:03:53.pcap ok
현재 작업 파일 리스트 : ['trace_2019-12-04_11:04:04.pcap', 'trace_2019-12-04_11:03:59.pcap']
서브 프로세스 : trace_2019-12-04_11:04:04.pcap
서브 프로세스 : trace_2019-12-04_11:03:59.pcap
tshark: The file "/home/pi/packet_convert/raw_pcap/trace_2019-12-04_11:04:04.pcap" appears to have been cut short in the middle of a packet.
trace_2019-12-04_11:03:59.pcap ok
trace_2019-12-04_11:04:04.pcap ok
현재 작업 파일 리스트 : ['trace_2019-12-04_11:04:09.pcap']
서브 프로세스 : trace_2019-12-04_11:04:09.pcap
trace_2019-12-04_11:04:09.pcap ok
현재 작업 파일 리스트 : ['trace_2019-12-04_11:04:14.pcap']
서브 프로세스 : trace_2019-12-04_11:04:14.pcap
trace_2019-12-04_11:04:14.pcap ok
현재 작업 파일 리스트 : ['trace_2019-12-04_11:04:19.pcap']
서브 프로세스 : trace_2019-12-04_11:04:19.pcap
trace_2019-12-04_11:04:19.pcap ok
현재 작업 파일 리스트 : ['trace_2019-12-04_11:04:25.pcap']
서브 프로세스 : trace_2019-12-04_11:04:25.pcap
trace_2019-12-04_11:04:25.pcap ok
현재 작업 파일 리스트 : ['trace_2019-12-04_11:04:30.pcap']
서브 프로세스 : trace_2019-12-04_11:04:30.pcap
trace_2019-12-04_11:04:30.pcap ok
현재 작업 파일 리스트 : ['trace_2019-12-04_11:04:35.pcap']
서브 프로세스 : trace_2019-12-04_11:04:35.pcap
trace_2019-12-04_11:04:35.pcap ok
현재 작업 파일 리스트 : ['trace_2019-12-04_11:04:40.pcap']
서브 프로세스 : trace_2019-12-04_11:04:40.pcap
trace_2019-12-04_11:04:40.pcap ok
현재 작업 파일 리스트 : ['trace_2019-12-04_11:04:45.pcap']
서브 프로세스 : trace_2019-12-04_11:04:45.pcap
trace_2019-12-04_11:04:45.pcap ok
현재 작업 파일 리스트 : ['trace_2019-12-04_11:04:51.pcap']
서브 프로세스 : trace_2019-12-04_11:04:51.pcap
trace_2019-12-04_11:04:51.pcap ok
현재 작업 파일 리스트 : ['trace_2019-12-04_11:04:56.pcap']
서브 프로세스 : trace_2019-12-04_11:04:56.pcap
trace_2019-12-04_11:04:56.pcap ok
현재 작업 파일 리스트 : ['trace_2019-12-04_11:05:01.pcap']
서브 프로세스 : trace_2019-12-04_11:05:01.pcap
trace_2019-12-04_11:05:01.pcap ok
현재 작업 파일 리스트 : ['trace_2019-12-04_11:05:06.pcap']
서브 프로세스 : trace_2019-12-04_11:05:06.pcap
trace_2019-12-04_11:05:06.pcap ok
현재 작업 파일 리스트 : ['trace_2019-12-04_11:05:11.pcap']
서브 프로세스 : trace_2019-12-04_11:05:11.pcap
trace_2019-12-04_11:05:11.pcap ok
현재 작업 파일 리스트 : ['trace_2019-12-04_11:05:17.pcap']
서브 프로세스 : trace_2019-12-04_11:05:17.pcap
trace_2019-12-04_11:05:17.pcap ok
현재 작업 파일 리스트 : ['trace_2019-12-04_11:05:22.pcap']
서브 프로세스 : trace_2019-12-04_11:05:22.pcap
trace_2019-12-04_11:05:22.pcap ok
현재 작업 파일 리스트 : ['trace_2019-12-04_11:05:27.pcap']
서브 프로세스 : trace_2019-12-04_11:05:27.pcap
trace_2019-12-04_11:05:27.pcap ok
현재 작업 파일 리스트 : ['trace_2019-12-04_11:05:37.pcap', 'trace_2019-12-04_11:05:32.pcap']
서브 프로세스 : trace_2019-12-04_11:05:37.pcap
서브 프로세스 : trace_2019-12-04_11:05:32.pcap
tshark: The file "/home/pi/packet_convert/raw_pcap/trace_2019-12-04_11:05:37.pcap" appears to have been cut short in the middle of a packet.
trace_2019-12-04_11:05:37.pcap ok
trace_2019-12-04_11:05:32.pcap ok
현재 작업 파일 리스트 : ['trace_2019-12-04_11:05:43.pcap']
서브 프로세스 : trace_2019-12-04_11:05:43.pcap
trace_2019-12-04_11:05:43.pcap ok
현재 작업 파일 리스트 : ['trace_2019-12-04_11:05:48.pcap']
서브 프로세스 : trace_2019-12-04_11:05:48.pcap
trace_2019-12-04_11:05:48.pcap ok
현재 작업 파일 리스트 : ['trace_2019-12-04_11:05:53.pcap']
서브 프로세스 : trace_2019-12-04_11:05:53.pcap
trace_2019-12-04_11:05:53.pcap ok
현재 작업 파일 리스트 : ['trace_2019-12-04_11:05:58.pcap']
서브 프로세스 : trace_2019-12-04_11:05:58.pcap
trace_2019-12-04_11:05:58.pcap ok
현재 작업 파일 리스트 : ['trace_2019-12-04_11:06:03.pcap']
서브 프로세스 : trace_2019-12-04_11:06:03.pcap
trace_2019-12-04_11:06:03.pcap ok
현재 작업 파일 리스트 : ['trace_2019-12-04_11:06:09.pcap']
서브 프로세스 : trace_2019-12-04_11:06:09.pcap
trace_2019-12-04_11:06:09.pcap ok
현재 작업 파일 리스트 : ['trace_2019-12-04_11:06:14.pcap']
서브 프로세스 : trace_2019-12-04_11:06:14.pcap
trace_2019-12-04_11:06:14.pcap ok
현재 작업 파일 리스트 : ['trace_2019-12-04_11:06:19.pcap']
서브 프로세스 : trace_2019-12-04_11:06:19.pcap
trace_2019-12-04_11:06:19.pcap ok
현재 작업 파일 리스트 : ['trace_2019-12-04_11:06:24.pcap']
서브 프로세스 : trace_2019-12-04_11:06:24.pcap
trace_2019-12-04_11:06:24.pcap ok
현재 작업 파일 리스트 : ['trace_2019-12-04_11:06:29.pcap']
서브 프로세스 : trace_2019-12-04_11:06:29.pcap
trace_2019-12-04_11:06:29.pcap ok
현재 작업 파일 리스트 : ['trace_2019-12-04_11:06:35.pcap']
서브 프로세스 : trace_2019-12-04_11:06:35.pcap
trace_2019-12-04_11:06:35.pcap ok
현재 작업 파일 리스트 : ['trace_2019-12-04_11:06:45.pcap', 'trace_2019-12-04_11:06:40.pcap']
서브 프로세스 : trace_2019-12-04_11:06:45.pcap
서브 프로세스 : trace_2019-12-04_11:06:40.pcap
tshark: The file "/home/pi/packet_convert/raw_pcap/trace_2019-12-04_11:06:45.pcap" appears to have been cut short in the middle of a packet.
trace_2019-12-04_11:06:45.pcap ok
trace_2019-12-04_11:06:40.pcap ok
현재 작업 파일 리스트 : ['trace_2019-12-04_11:06:50.pcap']
서브 프로세스 : trace_2019-12-04_11:06:50.pcap
trace_2019-12-04_11:06:50.pcap ok
현재 작업 파일 리스트 : ['trace_2019-12-04_11:06:55.pcap']
서브 프로세스 : trace_2019-12-04_11:06:55.pcap
trace_2019-12-04_11:06:55.pcap ok
현재 작업 파일 리스트 : ['trace_2019-12-04_11:07:01.pcap']
서브 프로세스 : trace_2019-12-04_11:07:01.pcap
trace_2019-12-04_11:07:01.pcap ok
현재 작업 파일 리스트 : ['trace_2019-12-04_11:07:06.pcap']
서브 프로세스 : trace_2019-12-04_11:07:06.pcap
trace_2019-12-04_11:07:06.pcap ok
현재 작업 파일 리스트 : ['trace_2019-12-04_11:07:11.pcap']
서브 프로세스 : trace_2019-12-04_11:07:11.pcap
trace_2019-12-04_11:07:11.pcap ok
현재 작업 파일 리스트 : ['trace_2019-12-04_11:07:16.pcap']
서브 프로세스 : trace_2019-12-04_11:07:16.pcap
trace_2019-12-04_11:07:16.pcap ok
현재 작업 파일 리스트 : ['trace_2019-12-04_11:07:21.pcap']
서브 프로세스 : trace_2019-12-04_11:07:21.pcap
trace_2019-12-04_11:07:21.pcap ok
현재 작업 파일 리스트 : ['trace_2019-12-04_11:07:27.pcap']
서브 프로세스 : trace_2019-12-04_11:07:27.pcap
trace_2019-12-04_11:07:27.pcap ok
현재 작업 파일 리스트 : ['trace_2019-12-04_11:07:32.pcap']
서브 프로세스 : trace_2019-12-04_11:07:32.pcap
trace_2019-12-04_11:07:32.pcap ok
현재 작업 파일 리스트 : ['trace_2019-12-04_11:07:37.pcap']
서브 프로세스 : trace_2019-12-04_11:07:37.pcap
trace_2019-12-04_11:07:37.pcap ok
현재 작업 파일 리스트 : ['trace_2019-12-04_11:07:42.pcap']
서브 프로세스 : trace_2019-12-04_11:07:42.pcap
trace_2019-12-04_11:07:42.pcap ok
현재 작업 파일 리스트 : ['trace_2019-12-04_11:07:47.pcap']
서브 프로세스 : trace_2019-12-04_11:07:47.pcap
trace_2019-12-04_11:07:47.pcap ok
현재 작업 파일 리스트 : ['trace_2019-12-04_11:07:53.pcap']
서브 프로세스 : trace_2019-12-04_11:07:53.pcap
trace_2019-12-04_11:07:53.pcap ok
현재 작업 파일 리스트 : ['trace_2019-12-04_11:08:03.pcap', 'trace_2019-12-04_11:07:58.pcap']
서브 프로세스 : trace_2019-12-04_11:08:03.pcap
서브 프로세스 : trace_2019-12-04_11:07:58.pcap
tshark: The file "/home/pi/packet_convert/raw_pcap/trace_2019-12-04_11:08:03.pcap" appears to have been cut short in the middle of a packet.
trace_2019-12-04_11:08:03.pcap ok
trace_2019-12-04_11:07:58.pcap ok
현재 작업 파일 리스트 : ['trace_2019-12-04_11:08:08.pcap']
서브 프로세스 : trace_2019-12-04_11:08:08.pcap
trace_2019-12-04_11:08:08.pcap ok
현재 작업 파일 리스트 : ['trace_2019-12-04_11:08:13.pcap']
서브 프로세스 : trace_2019-12-04_11:08:13.pcap
trace_2019-12-04_11:08:13.pcap ok
현재 작업 파일 리스트 : ['trace_2019-12-04_11:08:19.pcap']
서브 프로세스 : trace_2019-12-04_11:08:19.pcap
trace_2019-12-04_11:08:19.pcap ok
현재 작업 파일 리스트 : ['trace_2019-12-04_11:08:24.pcap']
서브 프로세스 : trace_2019-12-04_11:08:24.pcap
trace_2019-12-04_11:08:24.pcap ok
현재 작업 파일 리스트 : ['trace_2019-12-04_11:08:29.pcap']
서브 프로세스 : trace_2019-12-04_11:08:29.pcap
trace_2019-12-04_11:08:29.pcap ok
현재 작업 파일 리스트 : ['trace_2019-12-04_11:08:34.pcap']
서브 프로세스 : trace_2019-12-04_11:08:34.pcap
trace_2019-12-04_11:08:34.pcap ok
현재 작업 파일 리스트 : ['trace_2019-12-04_11:08:39.pcap']
서브 프로세스 : trace_2019-12-04_11:08:39.pcap
trace_2019-12-04_11:08:39.pcap ok
현재 작업 파일 리스트 : ['trace_2019-12-04_11:08:45.pcap']
서브 프로세스 : trace_2019-12-04_11:08:45.pcap
trace_2019-12-04_11:08:45.pcap ok
현재 작업 파일 리스트 : ['trace_2019-12-04_11:08:50.pcap']
서브 프로세스 : trace_2019-12-04_11:08:50.pcap
trace_2019-12-04_11:08:50.pcap ok
현재 작업 파일 리스트 : ['trace_2019-12-04_11:08:55.pcap']
서브 프로세스 : trace_2019-12-04_11:08:55.pcap
trace_2019-12-04_11:08:55.pcap ok
현재 작업 파일 리스트 : ['trace_2019-12-04_11:09:00.pcap']
서브 프로세스 : trace_2019-12-04_11:09:00.pcap
trace_2019-12-04_11:09:00.pcap ok
현재 작업 파일 리스트 : ['trace_2019-12-04_11:09:05.pcap']
서브 프로세스 : trace_2019-12-04_11:09:05.pcap
trace_2019-12-04_11:09:05.pcap ok
현재 작업 파일 리스트 : ['trace_2019-12-04_11:09:16.pcap', 'trace_2019-12-04_11:09:11.pcap']
서브 프로세스 : trace_2019-12-04_11:09:16.pcap
서브 프로세스 : trace_2019-12-04_11:09:11.pcap
tshark: The file "/home/pi/packet_convert/raw_pcap/trace_2019-12-04_11:09:16.pcap" appears to have been cut short in the middle of a packet.
trace_2019-12-04_11:09:11.pcap ok
trace_2019-12-04_11:09:16.pcap ok
현재 작업 파일 리스트 : ['trace_2019-12-04_11:09:21.pcap']
서브 프로세스 : trace_2019-12-04_11:09:21.pcap
trace_2019-12-04_11:09:21.pcap ok
현재 작업 파일 리스트 : ['trace_2019-12-04_11:09:26.pcap']
서브 프로세스 : trace_2019-12-04_11:09:26.pcap
trace_2019-12-04_11:09:26.pcap ok
현재 작업 파일 리스트 : ['trace_2019-12-04_11:09:31.pcap']
서브 프로세스 : trace_2019-12-04_11:09:31.pcap
trace_2019-12-04_11:09:31.pcap ok
현재 작업 파일 리스트 : ['trace_2019-12-04_11:09:37.pcap']
서브 프로세스 : trace_2019-12-04_11:09:37.pcap
trace_2019-12-04_11:09:37.pcap ok
현재 작업 파일 리스트 : ['trace_2019-12-04_11:09:42.pcap']
서브 프로세스 : trace_2019-12-04_11:09:42.pcap
trace_2019-12-04_11:09:42.pcap ok
현재 작업 파일 리스트 : ['trace_2019-12-04_11:09:47.pcap']
서브 프로세스 : trace_2019-12-04_11:09:47.pcap
trace_2019-12-04_11:09:47.pcap ok
현재 작업 파일 리스트 : ['trace_2019-12-04_11:09:52.pcap']
서브 프로세스 : trace_2019-12-04_11:09:52.pcap
trace_2019-12-04_11:09:52.pcap ok
현재 작업 파일 리스트 : ['trace_2019-12-04_11:09:57.pcap']
서브 프로세스 : trace_2019-12-04_11:09:57.pcap
trace_2019-12-04_11:09:57.pcap ok
현재 작업 파일 리스트 : ['trace_2019-12-04_11:10:03.pcap']
서브 프로세스 : trace_2019-12-04_11:10:03.pcap
trace_2019-12-04_11:10:03.pcap ok
현재 작업 파일 리스트 : ['trace_2019-12-04_11:10:08.pcap', 'trace_2019-12-04_11:10:13.pcap']
서브 프로세스 : trace_2019-12-04_11:10:08.pcap
서브 프로세스 : trace_2019-12-04_11:10:13.pcap
tshark: The file "/home/pi/packet_convert/raw_pcap/trace_2019-12-04_11:10:13.pcap" appears to have been cut short in the middle of a packet.
trace_2019-12-04_11:10:13.pcap ok
trace_2019-12-04_11:10:08.pcap ok
현재 작업 파일 리스트 : ['trace_2019-12-04_11:10:18.pcap']
서브 프로세스 : trace_2019-12-04_11:10:18.pcap
trace_2019-12-04_11:10:18.pcap ok
현재 작업 파일 리스트 : ['trace_2019-12-04_11:10:23.pcap']
서브 프로세스 : trace_2019-12-04_11:10:23.pcap
trace_2019-12-04_11:10:23.pcap ok
현재 작업 파일 리스트 : ['trace_2019-12-04_11:10:29.pcap']
서브 프로세스 : trace_2019-12-04_11:10:29.pcap
trace_2019-12-04_11:10:29.pcap ok
현재 작업 파일 리스트 : ['trace_2019-12-04_11:10:34.pcap']
서브 프로세스 : trace_2019-12-04_11:10:34.pcap
trace_2019-12-04_11:10:34.pcap ok
현재 작업 파일 리스트 : ['trace_2019-12-04_11:10:39.pcap']
서브 프로세스 : trace_2019-12-04_11:10:39.pcap
trace_2019-12-04_11:10:39.pcap ok
현재 작업 파일 리스트 : ['trace_2019-12-04_11:10:44.pcap']
서브 프로세스 : trace_2019-12-04_11:10:44.pcap
trace_2019-12-04_11:10:44.pcap ok
현재 작업 파일 리스트 : ['trace_2019-12-04_11:10:49.pcap']
서브 프로세스 : trace_2019-12-04_11:10:49.pcap
trace_2019-12-04_11:10:49.pcap ok
현재 작업 파일 리스트 : ['trace_2019-12-04_11:10:55.pcap']
서브 프로세스 : trace_2019-12-04_11:10:55.pcap
trace_2019-12-04_11:10:55.pcap ok
현재 작업 파일 리스트 : ['trace_2019-12-04_11:11:00.pcap']
서브 프로세스 : trace_2019-12-04_11:11:00.pcap
trace_2019-12-04_11:11:00.pcap ok
현재 작업 파일 리스트 : ['trace_2019-12-04_11:11:05.pcap']
서브 프로세스 : trace_2019-12-04_11:11:05.pcap
trace_2019-12-04_11:11:05.pcap ok
현재 작업 파일 리스트 : ['trace_2019-12-04_11:11:10.pcap']
서브 프로세스 : trace_2019-12-04_11:11:10.pcap
trace_2019-12-04_11:11:10.pcap ok
현재 작업 파일 리스트 : ['trace_2019-12-04_11:11:15.pcap']
서브 프로세스 : trace_2019-12-04_11:11:15.pcap
trace_2019-12-04_11:11:15.pcap ok
현재 작업 파일 리스트 : ['trace_2019-12-04_11:11:21.pcap']
서브 프로세스 : trace_2019-12-04_11:11:21.pcap
trace_2019-12-04_11:11:21.pcap ok
현재 작업 파일 리스트 : ['trace_2019-12-04_11:11:31.pcap', 'trace_2019-12-04_11:11:26.pcap']
서브 프로세스 : trace_2019-12-04_11:11:31.pcap
서브 프로세스 : trace_2019-12-04_11:11:26.pcap
tshark: The file "/home/pi/packet_convert/raw_pcap/trace_2019-12-04_11:11:31.pcap" appears to have been cut short in the middle of a packet.
trace_2019-12-04_11:11:26.pcap ok
trace_2019-12-04_11:11:31.pcap ok
현재 작업 파일 리스트 : ['trace_2019-12-04_11:11:36.pcap']
서브 프로세스 : trace_2019-12-04_11:11:36.pcap
trace_2019-12-04_11:11:36.pcap ok
현재 작업 파일 리스트 : ['trace_2019-12-04_11:11:41.pcap']
서브 프로세스 : trace_2019-12-04_11:11:41.pcap
trace_2019-12-04_11:11:41.pcap ok
현재 작업 파일 리스트 : ['trace_2019-12-04_11:11:47.pcap']
서브 프로세스 : trace_2019-12-04_11:11:47.pcap
trace_2019-12-04_11:11:47.pcap ok
현재 작업 파일 리스트 : ['trace_2019-12-04_11:11:52.pcap']
서브 프로세스 : trace_2019-12-04_11:11:52.pcap
trace_2019-12-04_11:11:52.pcap ok
현재 작업 파일 리스트 : ['trace_2019-12-04_11:11:57.pcap']
서브 프로세스 : trace_2019-12-04_11:11:57.pcap
trace_2019-12-04_11:11:57.pcap ok
현재 작업 파일 리스트 : ['trace_2019-12-04_11:12:02.pcap']
서브 프로세스 : trace_2019-12-04_11:12:02.pcap
trace_2019-12-04_11:12:02.pcap ok
현재 작업 파일 리스트 : ['trace_2019-12-04_11:12:07.pcap']
서브 프로세스 : trace_2019-12-04_11:12:07.pcap
trace_2019-12-04_11:12:07.pcap ok
현재 작업 파일 리스트 : ['trace_2019-12-04_11:12:13.pcap']
서브 프로세스 : trace_2019-12-04_11:12:13.pcap
trace_2019-12-04_11:12:13.pcap ok
현재 작업 파일 리스트 : ['trace_2019-12-04_11:12:18.pcap']
서브 프로세스 : trace_2019-12-04_11:12:18.pcap
trace_2019-12-04_11:12:18.pcap ok
현재 작업 파일 리스트 : ['trace_2019-12-04_11:12:23.pcap']
서브 프로세스 : trace_2019-12-04_11:12:23.pcap
trace_2019-12-04_11:12:23.pcap ok
현재 작업 파일 리스트 : ['trace_2019-12-04_11:12:28.pcap']
서브 프로세스 : trace_2019-12-04_11:12:28.pcap
trace_2019-12-04_11:12:28.pcap ok
현재 작업 파일 리스트 : ['trace_2019-12-04_11:12:33.pcap']
서브 프로세스 : trace_2019-12-04_11:12:33.pcap
trace_2019-12-04_11:12:33.pcap ok
현재 작업 파일 리스트 : ['trace_2019-12-04_11:12:39.pcap']
서브 프로세스 : trace_2019-12-04_11:12:39.pcap
trace_2019-12-04_11:12:39.pcap ok
현재 작업 파일 리스트 : ['trace_2019-12-04_11:12:44.pcap']
서브 프로세스 : trace_2019-12-04_11:12:44.pcap
trace_2019-12-04_11:12:44.pcap ok
현재 작업 파일 리스트 : ['trace_2019-12-04_11:12:49.pcap']
서브 프로세스 : trace_2019-12-04_11:12:49.pcap
trace_2019-12-04_11:12:49.pcap ok
현재 작업 파일 리스트 : ['trace_2019-12-04_11:12:54.pcap']
서브 프로세스 : trace_2019-12-04_11:12:54.pcap
trace_2019-12-04_11:12:54.pcap ok
현재 작업 파일 리스트 : ['trace_2019-12-04_11:12:59.pcap']
서브 프로세스 : trace_2019-12-04_11:12:59.pcap
trace_2019-12-04_11:12:59.pcap ok
현재 작업 파일 리스트 : ['trace_2019-12-04_11:13:05.pcap']
서브 프로세스 : trace_2019-12-04_11:13:05.pcap
trace_2019-12-04_11:13:05.pcap ok
현재 작업 파일 리스트 : ['trace_2019-12-04_11:13:10.pcap']
서브 프로세스 : trace_2019-12-04_11:13:10.pcap
trace_2019-12-04_11:13:10.pcap ok
현재 작업 파일 리스트 : ['trace_2019-12-04_11:13:15.pcap']
서브 프로세스 : trace_2019-12-04_11:13:15.pcap
trace_2019-12-04_11:13:15.pcap ok
현재 작업 파일 리스트 : ['trace_2019-12-04_11:13:20.pcap']
서브 프로세스 : trace_2019-12-04_11:13:20.pcap
trace_2019-12-04_11:13:20.pcap ok
현재 작업 파일 리스트 : ['trace_2019-12-04_11:13:25.pcap']
서브 프로세스 : trace_2019-12-04_11:13:25.pcap
trace_2019-12-04_11:13:25.pcap ok
현재 작업 파일 리스트 : ['trace_2019-12-04_11:13:31.pcap']
서브 프로세스 : trace_2019-12-04_11:13:31.pcap
trace_2019-12-04_11:13:31.pcap ok
현재 작업 파일 리스트 : ['trace_2019-12-04_11:13:36.pcap']
서브 프로세스 : trace_2019-12-04_11:13:36.pcap
trace_2019-12-04_11:13:36.pcap ok
현재 작업 파일 리스트 : ['trace_2019-12-04_11:13:41.pcap']
서브 프로세스 : trace_2019-12-04_11:13:41.pcap
trace_2019-12-04_11:13:41.pcap ok
현재 작업 파일 리스트 : ['trace_2019-12-04_11:13:46.pcap', 'trace_2019-12-04_11:13:51.pcap']
서브 프로세스 : trace_2019-12-04_11:13:46.pcap
서브 프로세스 : trace_2019-12-04_11:13:51.pcap
tshark: The file "/home/pi/packet_convert/raw_pcap/trace_2019-12-04_11:13:51.pcap" appears to have been cut short in the middle of a packet.
trace_2019-12-04_11:13:46.pcap ok
trace_2019-12-04_11:13:51.pcap ok
현재 작업 파일 리스트 : ['trace_2019-12-04_11:13:57.pcap']
서브 프로세스 : trace_2019-12-04_11:13:57.pcap
tshark: The file "/home/pi/packet_convert/raw_pcap/trace_2019-12-04_11:13:57.pcap" appears to have been cut short in the middle of a packet.
trace_2019-12-04_11:13:57.pcap ok
현재 작업 파일 리스트 : ['trace_2019-12-04_11:14:02.pcap']
서브 프로세스 : trace_2019-12-04_11:14:02.pcap
tshark: The file "/home/pi/packet_convert/raw_pcap/trace_2019-12-04_11:14:02.pcap" appears to have been cut short in the middle of a packet.
trace_2019-12-04_11:14:02.pcap ok
현재 작업 파일 리스트 : ['trace_2019-12-04_11:14:07.pcap']
서브 프로세스 : trace_2019-12-04_11:14:07.pcap
trace_2019-12-04_11:14:07.pcap ok
현재 작업 파일 리스트 : ['trace_2019-12-04_11:14:12.pcap']
서브 프로세스 : trace_2019-12-04_11:14:12.pcap
trace_2019-12-04_11:14:12.pcap ok
현재 작업 파일 리스트 : ['trace_2019-12-04_11:14:17.pcap']
서브 프로세스 : trace_2019-12-04_11:14:17.pcap
trace_2019-12-04_11:14:17.pcap ok
현재 작업 파일 리스트 : ['trace_2019-12-04_11:14:23.pcap']
서브 프로세스 : trace_2019-12-04_11:14:23.pcap
trace_2019-12-04_11:14:23.pcap ok
현재 작업 파일 리스트 : ['trace_2019-12-04_11:14:28.pcap']
서브 프로세스 : trace_2019-12-04_11:14:28.pcap
trace_2019-12-04_11:14:28.pcap ok
현재 작업 파일 리스트 : ['trace_2019-12-04_11:14:33.pcap']
서브 프로세스 : trace_2019-12-04_11:14:33.pcap
trace_2019-12-04_11:14:33.pcap ok
현재 작업 파일 리스트 : ['trace_2019-12-04_11:14:38.pcap']
서브 프로세스 : trace_2019-12-04_11:14:38.pcap
trace_2019-12-04_11:14:38.pcap ok
현재 작업 파일 리스트 : ['trace_2019-12-04_11:14:43.pcap']
서브 프로세스 : trace_2019-12-04_11:14:43.pcap
trace_2019-12-04_11:14:43.pcap ok
현재 작업 파일 리스트 : ['trace_2019-12-04_11:14:49.pcap']
서브 프로세스 : trace_2019-12-04_11:14:49.pcap
trace_2019-12-04_11:14:49.pcap ok
현재 작업 파일 리스트 : ['trace_2019-12-04_11:14:54.pcap']
서브 프로세스 : trace_2019-12-04_11:14:54.pcap
trace_2019-12-04_11:14:54.pcap ok
현재 작업 파일 리스트 : ['trace_2019-12-04_11:14:59.pcap']
서브 프로세스 : trace_2019-12-04_11:14:59.pcap
trace_2019-12-04_11:14:59.pcap ok
현재 작업 파일 리스트 : ['trace_2019-12-04_11:15:04.pcap']
서브 프로세스 : trace_2019-12-04_11:15:04.pcap
trace_2019-12-04_11:15:04.pcap ok
현재 작업 파일 리스트 : ['trace_2019-12-04_11:15:09.pcap']
서브 프로세스 : trace_2019-12-04_11:15:09.pcap
trace_2019-12-04_11:15:09.pcap ok
현재 작업 파일 리스트 : ['trace_2019-12-04_11:15:15.pcap']
서브 프로세스 : trace_2019-12-04_11:15:15.pcap
trace_2019-12-04_11:15:15.pcap ok
현재 작업 파일 리스트 : ['trace_2019-12-04_11:15:20.pcap']
서브 프로세스 : trace_2019-12-04_11:15:20.pcap
trace_2019-12-04_11:15:20.pcap ok
현재 작업 파일 리스트 : ['trace_2019-12-04_11:15:25.pcap']
서브 프로세스 : trace_2019-12-04_11:15:25.pcap
trace_2019-12-04_11:15:25.pcap ok
현재 작업 파일 리스트 : ['trace_2019-12-04_11:15:30.pcap']
서브 프로세스 : trace_2019-12-04_11:15:30.pcap
trace_2019-12-04_11:15:30.pcap ok
현재 작업 파일 리스트 : ['trace_2019-12-04_11:15:35.pcap']
서브 프로세스 : trace_2019-12-04_11:15:35.pcap
trace_2019-12-04_11:15:35.pcap ok
현재 작업 파일 리스트 : ['trace_2019-12-04_11:15:41.pcap']
서브 프로세스 : trace_2019-12-04_11:15:41.pcap
trace_2019-12-04_11:15:41.pcap ok
현재 작업 파일 리스트 : ['trace_2019-12-04_11:15:46.pcap']
서브 프로세스 : trace_2019-12-04_11:15:46.pcap
trace_2019-12-04_11:15:46.pcap ok
현재 작업 파일 리스트 : ['trace_2019-12-04_11:15:51.pcap']
서브 프로세스 : trace_2019-12-04_11:15:51.pcap
trace_2019-12-04_11:15:51.pcap ok
현재 작업 파일 리스트 : ['trace_2019-12-04_11:15:56.pcap']
서브 프로세스 : trace_2019-12-04_11:15:56.pcap
trace_2019-12-04_11:15:56.pcap ok
현재 작업 파일 리스트 : ['trace_2019-12-04_11:16:01.pcap']
서브 프로세스 : trace_2019-12-04_11:16:01.pcap
trace_2019-12-04_11:16:01.pcap ok
현재 작업 파일 리스트 : ['trace_2019-12-04_11:16:07.pcap']
서브 프로세스 : trace_2019-12-04_11:16:07.pcap
trace_2019-12-04_11:16:07.pcap ok
현재 작업 파일 리스트 : ['trace_2019-12-04_11:16:12.pcap']
서브 프로세스 : trace_2019-12-04_11:16:12.pcap
trace_2019-12-04_11:16:12.pcap ok
현재 작업 파일 리스트 : ['trace_2019-12-04_11:16:17.pcap']
서브 프로세스 : trace_2019-12-04_11:16:17.pcap
trace_2019-12-04_11:16:17.pcap ok
현재 작업 파일 리스트 : ['trace_2019-12-04_11:16:22.pcap']
서브 프로세스 : trace_2019-12-04_11:16:22.pcap
trace_2019-12-04_11:16:22.pcap ok
현재 작업 파일 리스트 : ['trace_2019-12-04_11:16:27.pcap', 'trace_2019-12-04_11:16:33.pcap']
서브 프로세스 : trace_2019-12-04_11:16:27.pcap
서브 프로세스 : trace_2019-12-04_11:16:33.pcap
tshark: The file "/home/pi/packet_convert/raw_pcap/trace_2019-12-04_11:16:33.pcap" appears to have been cut short in the middle of a packet.
trace_2019-12-04_11:16:27.pcap ok
trace_2019-12-04_11:16:33.pcap ok
현재 작업 파일 리스트 : ['trace_2019-12-04_11:16:38.pcap']
서브 프로세스 : trace_2019-12-04_11:16:38.pcap
tshark: The file "/home/pi/packet_convert/raw_pcap/trace_2019-12-04_11:16:38.pcap" appears to have been cut short in the middle of a packet.
trace_2019-12-04_11:16:38.pcap ok
현재 작업 파일 리스트 : ['trace_2019-12-04_11:16:43.pcap']
서브 프로세스 : trace_2019-12-04_11:16:43.pcap
tshark: The file "/home/pi/packet_convert/raw_pcap/trace_2019-12-04_11:16:43.pcap" appears to have been cut short in the middle of a packet.
trace_2019-12-04_11:16:43.pcap ok
현재 작업 파일 리스트 : ['trace_2019-12-04_11:16:48.pcap']
서브 프로세스 : trace_2019-12-04_11:16:48.pcap
tshark: The file "/home/pi/packet_convert/raw_pcap/trace_2019-12-04_11:16:48.pcap" appears to have been cut short in the middle of a packet.
trace_2019-12-04_11:16:48.pcap ok
현재 작업 파일 리스트 : ['trace_2019-12-04_11:16:53.pcap']
서브 프로세스 : trace_2019-12-04_11:16:53.pcap
trace_2019-12-04_11:16:53.pcap ok
현재 작업 파일 리스트 : ['trace_2019-12-04_11:16:59.pcap']
서브 프로세스 : trace_2019-12-04_11:16:59.pcap
trace_2019-12-04_11:16:59.pcap ok
현재 작업 파일 리스트 : ['trace_2019-12-04_11:17:04.pcap']
서브 프로세스 : trace_2019-12-04_11:17:04.pcap
trace_2019-12-04_11:17:04.pcap ok
현재 작업 파일 리스트 : ['trace_2019-12-04_11:17:09.pcap']
서브 프로세스 : trace_2019-12-04_11:17:09.pcap
trace_2019-12-04_11:17:09.pcap ok
현재 작업 파일 리스트 : ['trace_2019-12-04_11:17:14.pcap']
서브 프로세스 : trace_2019-12-04_11:17:14.pcap
trace_2019-12-04_11:17:14.pcap ok
현재 작업 파일 리스트 : ['trace_2019-12-04_11:17:19.pcap']
서브 프로세스 : trace_2019-12-04_11:17:19.pcap
trace_2019-12-04_11:17:19.pcap ok
현재 작업 파일 리스트 : ['trace_2019-12-04_11:17:25.pcap']
서브 프로세스 : trace_2019-12-04_11:17:25.pcap
trace_2019-12-04_11:17:25.pcap ok
현재 작업 파일 리스트 : ['trace_2019-12-04_11:17:30.pcap']
서브 프로세스 : trace_2019-12-04_11:17:30.pcap
trace_2019-12-04_11:17:30.pcap ok
현재 작업 파일 리스트 : ['trace_2019-12-04_11:17:35.pcap']
서브 프로세스 : trace_2019-12-04_11:17:35.pcap
trace_2019-12-04_11:17:35.pcap ok
현재 작업 파일 리스트 : ['trace_2019-12-04_11:17:40.pcap']
서브 프로세스 : trace_2019-12-04_11:17:40.pcap
trace_2019-12-04_11:17:40.pcap ok
현재 작업 파일 리스트 : ['trace_2019-12-04_11:17:45.pcap']
서브 프로세스 : trace_2019-12-04_11:17:45.pcap
trace_2019-12-04_11:17:45.pcap ok
현재 작업 파일 리스트 : ['trace_2019-12-04_11:17:51.pcap']
서브 프로세스 : trace_2019-12-04_11:17:51.pcap
trace_2019-12-04_11:17:51.pcap ok
현재 작업 파일 리스트 : ['trace_2019-12-04_11:17:56.pcap']
서브 프로세스 : trace_2019-12-04_11:17:56.pcap
trace_2019-12-04_11:17:56.pcap ok
현재 작업 파일 리스트 : ['trace_2019-12-04_11:18:01.pcap']
서브 프로세스 : trace_2019-12-04_11:18:01.pcap
trace_2019-12-04_11:18:01.pcap ok
현재 작업 파일 리스트 : ['trace_2019-12-04_11:18:06.pcap']
서브 프로세스 : trace_2019-12-04_11:18:06.pcap
trace_2019-12-04_11:18:06.pcap ok
현재 작업 파일 리스트 : ['trace_2019-12-04_11:18:11.pcap']
서브 프로세스 : trace_2019-12-04_11:18:11.pcap
trace_2019-12-04_11:18:11.pcap ok
현재 작업 파일 리스트 : ['trace_2019-12-04_11:18:17.pcap']
서브 프로세스 : trace_2019-12-04_11:18:17.pcap
trace_2019-12-04_11:18:17.pcap ok
현재 작업 파일 리스트 : ['trace_2019-12-04_11:18:22.pcap']
서브 프로세스 : trace_2019-12-04_11:18:22.pcap
trace_2019-12-04_11:18:22.pcap ok
현재 작업 파일 리스트 : ['trace_2019-12-04_11:18:27.pcap']
서브 프로세스 : trace_2019-12-04_11:18:27.pcap
trace_2019-12-04_11:18:27.pcap ok
현재 작업 파일 리스트 : ['trace_2019-12-04_11:18:32.pcap']
서브 프로세스 : trace_2019-12-04_11:18:32.pcap
trace_2019-12-04_11:18:32.pcap ok
현재 작업 파일 리스트 : ['trace_2019-12-04_11:18:37.pcap']
서브 프로세스 : trace_2019-12-04_11:18:37.pcap
trace_2019-12-04_11:18:37.pcap ok
현재 작업 파일 리스트 : ['trace_2019-12-04_11:18:43.pcap']
서브 프로세스 : trace_2019-12-04_11:18:43.pcap
trace_2019-12-04_11:18:43.pcap ok
현재 작업 파일 리스트 : ['trace_2019-12-04_11:18:48.pcap']
서브 프로세스 : trace_2019-12-04_11:18:48.pcap
trace_2019-12-04_11:18:48.pcap ok
현재 작업 파일 리스트 : ['trace_2019-12-04_11:18:53.pcap']
서브 프로세스 : trace_2019-12-04_11:18:53.pcap
trace_2019-12-04_11:18:53.pcap ok
현재 작업 파일 리스트 : ['trace_2019-12-04_11:18:58.pcap']
서브 프로세스 : trace_2019-12-04_11:18:58.pcap
trace_2019-12-04_11:18:58.pcap ok
현재 작업 파일 리스트 : ['trace_2019-12-04_11:19:03.pcap']
서브 프로세스 : trace_2019-12-04_11:19:03.pcap
trace_2019-12-04_11:19:03.pcap ok
현재 작업 파일 리스트 : ['trace_2019-12-04_11:19:09.pcap']
서브 프로세스 : trace_2019-12-04_11:19:09.pcap
trace_2019-12-04_11:19:09.pcap ok
현재 작업 파일 리스트 : ['trace_2019-12-04_11:19:14.pcap']
서브 프로세스 : trace_2019-12-04_11:19:14.pcap
trace_2019-12-04_11:19:14.pcap ok
현재 작업 파일 리스트 : ['trace_2019-12-04_11:19:19.pcap']
서브 프로세스 : trace_2019-12-04_11:19:19.pcap
trace_2019-12-04_11:19:19.pcap ok
현재 작업 파일 리스트 : ['trace_2019-12-04_11:19:24.pcap']
서브 프로세스 : trace_2019-12-04_11:19:24.pcap
trace_2019-12-04_11:19:24.pcap ok
현재 작업 파일 리스트 : ['trace_2019-12-04_11:19:35.pcap', 'trace_2019-12-04_11:19:29.pcap']
서브 프로세스 : trace_2019-12-04_11:19:35.pcap
서브 프로세스 : trace_2019-12-04_11:19:29.pcap
tshark: The file "/home/pi/packet_convert/raw_pcap/trace_2019-12-04_11:19:35.pcap" appears to have been cut short in the middle of a packet.
trace_2019-12-04_11:19:35.pcap ok
trace_2019-12-04_11:19:29.pcap ok
현재 작업 파일 리스트 : ['trace_2019-12-04_11:19:40.pcap']
서브 프로세스 : trace_2019-12-04_11:19:40.pcap
trace_2019-12-04_11:19:40.pcap ok
현재 작업 파일 리스트 : ['trace_2019-12-04_11:19:45.pcap']
서브 프로세스 : trace_2019-12-04_11:19:45.pcap
trace_2019-12-04_11:19:45.pcap ok
현재 작업 파일 리스트 : ['trace_2019-12-04_11:19:50.pcap']
서브 프로세스 : trace_2019-12-04_11:19:50.pcap
trace_2019-12-04_11:19:50.pcap ok
현재 작업 파일 리스트 : ['trace_2019-12-04_11:19:55.pcap']
서브 프로세스 : trace_2019-12-04_11:19:55.pcap
trace_2019-12-04_11:19:55.pcap ok
현재 작업 파일 리스트 : ['trace_2019-12-04_11:20:01.pcap']
서브 프로세스 : trace_2019-12-04_11:20:01.pcap
trace_2019-12-04_11:20:01.pcap ok
현재 작업 파일 리스트 : ['trace_2019-12-04_11:20:06.pcap']
서브 프로세스 : trace_2019-12-04_11:20:06.pcap
trace_2019-12-04_11:20:06.pcap ok
현재 작업 파일 리스트 : ['trace_2019-12-04_11:20:11.pcap']
서브 프로세스 : trace_2019-12-04_11:20:11.pcap
trace_2019-12-04_11:20:11.pcap ok
현재 작업 파일 리스트 : ['trace_2019-12-04_11:20:16.pcap']
서브 프로세스 : trace_2019-12-04_11:20:16.pcap
trace_2019-12-04_11:20:16.pcap ok
현재 작업 파일 리스트 : ['trace_2019-12-04_11:20:21.pcap']
서브 프로세스 : trace_2019-12-04_11:20:21.pcap
trace_2019-12-04_11:20:21.pcap ok
현재 작업 파일 리스트 : ['trace_2019-12-04_11:20:27.pcap']
서브 프로세스 : trace_2019-12-04_11:20:27.pcap
trace_2019-12-04_11:20:27.pcap ok
현재 작업 파일 리스트 : ['trace_2019-12-04_11:20:32.pcap']
서브 프로세스 : trace_2019-12-04_11:20:32.pcap
trace_2019-12-04_11:20:32.pcap ok
현재 작업 파일 리스트 : ['trace_2019-12-04_11:20:37.pcap']
서브 프로세스 : trace_2019-12-04_11:20:37.pcap
trace_2019-12-04_11:20:37.pcap ok
현재 작업 파일 리스트 : ['trace_2019-12-04_11:20:42.pcap']
서브 프로세스 : trace_2019-12-04_11:20:42.pcap
trace_2019-12-04_11:20:42.pcap ok
현재 작업 파일 리스트 : ['trace_2019-12-04_11:20:47.pcap']
서브 프로세스 : trace_2019-12-04_11:20:47.pcap
trace_2019-12-04_11:20:47.pcap ok
현재 작업 파일 리스트 : ['trace_2019-12-04_11:20:53.pcap']
서브 프로세스 : trace_2019-12-04_11:20:53.pcap
trace_2019-12-04_11:20:53.pcap ok
현재 작업 파일 리스트 : ['trace_2019-12-04_11:20:58.pcap']
서브 프로세스 : trace_2019-12-04_11:20:58.pcap
trace_2019-12-04_11:20:58.pcap ok
현재 작업 파일 리스트 : ['trace_2019-12-04_11:21:03.pcap']
서브 프로세스 : trace_2019-12-04_11:21:03.pcap
trace_2019-12-04_11:21:03.pcap ok
현재 작업 파일 리스트 : ['trace_2019-12-04_11:21:08.pcap']
서브 프로세스 : trace_2019-12-04_11:21:08.pcap
trace_2019-12-04_11:21:08.pcap ok
현재 작업 파일 리스트 : ['trace_2019-12-04_11:21:13.pcap']
서브 프로세스 : trace_2019-12-04_11:21:13.pcap
trace_2019-12-04_11:21:13.pcap ok
현재 작업 파일 리스트 : ['trace_2019-12-04_11:21:19.pcap']
서브 프로세스 : trace_2019-12-04_11:21:19.pcap
trace_2019-12-04_11:21:19.pcap ok
현재 작업 파일 리스트 : ['trace_2019-12-04_11:21:24.pcap']
서브 프로세스 : trace_2019-12-04_11:21:24.pcap
trace_2019-12-04_11:21:24.pcap ok
현재 작업 파일 리스트 : ['trace_2019-12-04_11:21:34.pcap', 'trace_2019-12-04_11:21:29.pcap']
서브 프로세스 : trace_2019-12-04_11:21:34.pcap
서브 프로세스 : trace_2019-12-04_11:21:29.pcap
tshark: The file "/home/pi/packet_convert/raw_pcap/trace_2019-12-04_11:21:34.pcap" appears to have been cut short in the middle of a packet.
trace_2019-12-04_11:21:29.pcap ok
trace_2019-12-04_11:21:34.pcap ok
현재 작업 파일 리스트 : ['trace_2019-12-04_11:21:39.pcap']
서브 프로세스 : trace_2019-12-04_11:21:39.pcap
trace_2019-12-04_11:21:39.pcap ok
현재 작업 파일 리스트 : ['trace_2019-12-04_11:21:45.pcap']
서브 프로세스 : trace_2019-12-04_11:21:45.pcap
trace_2019-12-04_11:21:45.pcap ok
현재 작업 파일 리스트 : ['trace_2019-12-04_11:21:50.pcap']
서브 프로세스 : trace_2019-12-04_11:21:50.pcap
trace_2019-12-04_11:21:50.pcap ok
현재 작업 파일 리스트 : ['trace_2019-12-04_11:21:55.pcap']
서브 프로세스 : trace_2019-12-04_11:21:55.pcap
trace_2019-12-04_11:21:55.pcap ok
현재 작업 파일 리스트 : ['trace_2019-12-04_11:22:00.pcap']
서브 프로세스 : trace_2019-12-04_11:22:00.pcap
trace_2019-12-04_11:22:00.pcap ok
현재 작업 파일 리스트 : ['trace_2019-12-04_11:22:05.pcap']
서브 프로세스 : trace_2019-12-04_11:22:05.pcap
trace_2019-12-04_11:22:05.pcap ok
현재 작업 파일 리스트 : ['trace_2019-12-04_11:22:11.pcap']
서브 프로세스 : trace_2019-12-04_11:22:11.pcap
trace_2019-12-04_11:22:11.pcap ok
현재 작업 파일 리스트 : ['trace_2019-12-04_11:22:16.pcap']
서브 프로세스 : trace_2019-12-04_11:22:16.pcap
trace_2019-12-04_11:22:16.pcap ok
현재 작업 파일 리스트 : ['trace_2019-12-04_11:22:21.pcap']
서브 프로세스 : trace_2019-12-04_11:22:21.pcap
trace_2019-12-04_11:22:21.pcap ok
현재 작업 파일 리스트 : ['trace_2019-12-04_11:22:26.pcap']
서브 프로세스 : trace_2019-12-04_11:22:26.pcap
trace_2019-12-04_11:22:26.pcap ok
현재 작업 파일 리스트 : ['trace_2019-12-04_11:22:31.pcap']
서브 프로세스 : trace_2019-12-04_11:22:31.pcap
trace_2019-12-04_11:22:31.pcap ok
현재 작업 파일 리스트 : ['trace_2019-12-04_11:22:37.pcap']
서브 프로세스 : trace_2019-12-04_11:22:37.pcap
trace_2019-12-04_11:22:37.pcap ok
현재 작업 파일 리스트 : ['trace_2019-12-04_11:22:42.pcap']
서브 프로세스 : trace_2019-12-04_11:22:42.pcap
trace_2019-12-04_11:22:42.pcap ok
현재 작업 파일 리스트 : ['trace_2019-12-04_11:22:47.pcap']
서브 프로세스 : trace_2019-12-04_11:22:47.pcap
trace_2019-12-04_11:22:47.pcap ok
현재 작업 파일 리스트 : ['trace_2019-12-04_11:22:52.pcap']
서브 프로세스 : trace_2019-12-04_11:22:52.pcap
trace_2019-12-04_11:22:52.pcap ok
현재 작업 파일 리스트 : ['trace_2019-12-04_11:22:57.pcap']
서브 프로세스 : trace_2019-12-04_11:22:57.pcap
trace_2019-12-04_11:22:57.pcap ok
현재 작업 파일 리스트 : ['trace_2019-12-04_11:23:03.pcap']
서브 프로세스 : trace_2019-12-04_11:23:03.pcap
trace_2019-12-04_11:23:03.pcap ok
현재 작업 파일 리스트 : ['trace_2019-12-04_11:23:08.pcap']
서브 프로세스 : trace_2019-12-04_11:23:08.pcap
trace_2019-12-04_11:23:08.pcap ok
현재 작업 파일 리스트 : ['trace_2019-12-04_11:23:13.pcap']
서브 프로세스 : trace_2019-12-04_11:23:13.pcap
trace_2019-12-04_11:23:13.pcap ok
현재 작업 파일 리스트 : ['trace_2019-12-04_11:23:18.pcap']
서브 프로세스 : trace_2019-12-04_11:23:18.pcap
trace_2019-12-04_11:23:18.pcap ok
현재 작업 파일 리스트 : ['trace_2019-12-04_11:23:23.pcap']
서브 프로세스 : trace_2019-12-04_11:23:23.pcap
trace_2019-12-04_11:23:23.pcap ok
현재 작업 파일 리스트 : ['trace_2019-12-04_11:23:29.pcap']
서브 프로세스 : trace_2019-12-04_11:23:29.pcap
trace_2019-12-04_11:23:29.pcap ok
현재 작업 파일 리스트 : ['trace_2019-12-04_11:23:34.pcap']
서브 프로세스 : trace_2019-12-04_11:23:34.pcap
trace_2019-12-04_11:23:34.pcap ok
현재 작업 파일 리스트 : ['trace_2019-12-04_11:23:39.pcap']
서브 프로세스 : trace_2019-12-04_11:23:39.pcap
trace_2019-12-04_11:23:39.pcap ok
현재 작업 파일 리스트 : ['trace_2019-12-04_11:23:44.pcap']
서브 프로세스 : trace_2019-12-04_11:23:44.pcap
trace_2019-12-04_11:23:44.pcap ok
현재 작업 파일 리스트 : ['trace_2019-12-04_11:23:49.pcap']
서브 프로세스 : trace_2019-12-04_11:23:49.pcap
trace_2019-12-04_11:23:49.pcap ok
현재 작업 파일 리스트 : ['trace_2019-12-04_11:23:55.pcap']
서브 프로세스 : trace_2019-12-04_11:23:55.pcap
trace_2019-12-04_11:23:55.pcap ok
현재 작업 파일 리스트 : ['trace_2019-12-04_11:24:00.pcap']
서브 프로세스 : trace_2019-12-04_11:24:00.pcap
trace_2019-12-04_11:24:00.pcap ok
현재 작업 파일 리스트 : ['trace_2019-12-04_11:24:05.pcap']
서브 프로세스 : trace_2019-12-04_11:24:05.pcap
trace_2019-12-04_11:24:05.pcap ok
현재 작업 파일 리스트 : ['trace_2019-12-04_11:24:10.pcap']
서브 프로세스 : trace_2019-12-04_11:24:10.pcap
trace_2019-12-04_11:24:10.pcap ok
현재 작업 파일 리스트 : ['trace_2019-12-04_11:24:15.pcap']
서브 프로세스 : trace_2019-12-04_11:24:15.pcap
trace_2019-12-04_11:24:15.pcap ok
현재 작업 파일 리스트 : ['trace_2019-12-04_11:24:21.pcap']
서브 프로세스 : trace_2019-12-04_11:24:21.pcap
trace_2019-12-04_11:24:21.pcap ok
현재 작업 파일 리스트 : ['trace_2019-12-04_11:24:26.pcap']
서브 프로세스 : trace_2019-12-04_11:24:26.pcap
trace_2019-12-04_11:24:26.pcap ok
현재 작업 파일 리스트 : ['trace_2019-12-04_11:24:31.pcap']
서브 프로세스 : trace_2019-12-04_11:24:31.pcap
trace_2019-12-04_11:24:31.pcap ok
현재 작업 파일 리스트 : ['trace_2019-12-04_11:24:41.pcap', 'trace_2019-12-04_11:24:36.pcap']
서브 프로세스 : trace_2019-12-04_11:24:41.pcap
서브 프로세스 : trace_2019-12-04_11:24:36.pcap
tshark: The file "/home/pi/packet_convert/raw_pcap/trace_2019-12-04_11:24:41.pcap" appears to have been cut short in the middle of a packet.
trace_2019-12-04_11:24:41.pcap ok
trace_2019-12-04_11:24:36.pcap ok
현재 작업 파일 리스트 : ['trace_2019-12-04_11:24:47.pcap']
서브 프로세스 : trace_2019-12-04_11:24:47.pcap
tshark: The file "/home/pi/packet_convert/raw_pcap/trace_2019-12-04_11:24:47.pcap" appears to have been cut short in the middle of a packet.
trace_2019-12-04_11:24:47.pcap ok
현재 작업 파일 리스트 : ['trace_2019-12-04_11:24:52.pcap']
서브 프로세스 : trace_2019-12-04_11:24:52.pcap
tshark: The file "/home/pi/packet_convert/raw_pcap/trace_2019-12-04_11:24:52.pcap" appears to have been cut short in the middle of a packet.
trace_2019-12-04_11:24:52.pcap ok
현재 작업 파일 리스트 : ['trace_2019-12-04_11:24:57.pcap']
서브 프로세스 : trace_2019-12-04_11:24:57.pcap
tshark: The file "/home/pi/packet_convert/raw_pcap/trace_2019-12-04_11:24:57.pcap" appears to have been cut short in the middle of a packet.
trace_2019-12-04_11:24:57.pcap ok
현재 작업 파일 리스트 : ['trace_2019-12-04_11:25:02.pcap']
서브 프로세스 : trace_2019-12-04_11:25:02.pcap
tshark: The file "/home/pi/packet_convert/raw_pcap/trace_2019-12-04_11:25:02.pcap" appears to have been cut short in the middle of a packet.
trace_2019-12-04_11:25:02.pcap ok
현재 작업 파일 리스트 : ['trace_2019-12-04_11:25:07.pcap']
서브 프로세스 : trace_2019-12-04_11:25:07.pcap
tshark: The file "/home/pi/packet_convert/raw_pcap/trace_2019-12-04_11:25:07.pcap" appears to have been cut short in the middle of a packet.
trace_2019-12-04_11:25:07.pcap ok
현재 작업 파일 리스트 : ['trace_2019-12-04_11:25:13.pcap']
서브 프로세스 : trace_2019-12-04_11:25:13.pcap
tshark: The file "/home/pi/packet_convert/raw_pcap/trace_2019-12-04_11:25:13.pcap" appears to have been cut short in the middle of a packet.
trace_2019-12-04_11:25:13.pcap ok
현재 작업 파일 리스트 : ['trace_2019-12-04_11:25:18.pcap']
서브 프로세스 : trace_2019-12-04_11:25:18.pcap
tshark: The file "/home/pi/packet_convert/raw_pcap/trace_2019-12-04_11:25:18.pcap" appears to have been cut short in the middle of a packet.
trace_2019-12-04_11:25:18.pcap ok
현재 작업 파일 리스트 : ['trace_2019-12-04_11:25:23.pcap']
서브 프로세스 : trace_2019-12-04_11:25:23.pcap
trace_2019-12-04_11:25:23.pcap ok
현재 작업 파일 리스트 : ['trace_2019-12-04_11:25:28.pcap']
서브 프로세스 : trace_2019-12-04_11:25:28.pcap
trace_2019-12-04_11:25:28.pcap ok
현재 작업 파일 리스트 : ['trace_2019-12-04_11:25:33.pcap']
서브 프로세스 : trace_2019-12-04_11:25:33.pcap
trace_2019-12-04_11:25:33.pcap ok
현재 작업 파일 리스트 : ['trace_2019-12-04_11:25:39.pcap']
서브 프로세스 : trace_2019-12-04_11:25:39.pcap
trace_2019-12-04_11:25:39.pcap ok
현재 작업 파일 리스트 : ['trace_2019-12-04_11:25:44.pcap']
서브 프로세스 : trace_2019-12-04_11:25:44.pcap
trace_2019-12-04_11:25:44.pcap ok
현재 작업 파일 리스트 : ['trace_2019-12-04_11:25:49.pcap']
서브 프로세스 : trace_2019-12-04_11:25:49.pcap
trace_2019-12-04_11:25:49.pcap ok
현재 작업 파일 리스트 : ['trace_2019-12-04_11:25:54.pcap']
서브 프로세스 : trace_2019-12-04_11:25:54.pcap
trace_2019-12-04_11:25:54.pcap ok
현재 작업 파일 리스트 : ['trace_2019-12-04_11:25:59.pcap']
서브 프로세스 : trace_2019-12-04_11:25:59.pcap
trace_2019-12-04_11:25:59.pcap ok
현재 작업 파일 리스트 : ['trace_2019-12-04_11:26:05.pcap']
서브 프로세스 : trace_2019-12-04_11:26:05.pcap
trace_2019-12-04_11:26:05.pcap ok
현재 작업 파일 리스트 : ['trace_2019-12-04_11:26:10.pcap']
서브 프로세스 : trace_2019-12-04_11:26:10.pcap
trace_2019-12-04_11:26:10.pcap ok
현재 작업 파일 리스트 : ['trace_2019-12-04_11:26:15.pcap']
서브 프로세스 : trace_2019-12-04_11:26:15.pcap
trace_2019-12-04_11:26:15.pcap ok
현재 작업 파일 리스트 : ['trace_2019-12-04_11:26:20.pcap']
서브 프로세스 : trace_2019-12-04_11:26:20.pcap
trace_2019-12-04_11:26:20.pcap ok
현재 작업 파일 리스트 : ['trace_2019-12-04_11:26:25.pcap']
서브 프로세스 : trace_2019-12-04_11:26:25.pcap
trace_2019-12-04_11:26:25.pcap ok
현재 작업 파일 리스트 : ['trace_2019-12-04_11:26:31.pcap']
서브 프로세스 : trace_2019-12-04_11:26:31.pcap
trace_2019-12-04_11:26:31.pcap ok
현재 작업 파일 리스트 : ['trace_2019-12-04_11:26:36.pcap']
서브 프로세스 : trace_2019-12-04_11:26:36.pcap
trace_2019-12-04_11:26:36.pcap ok
현재 작업 파일 리스트 : ['trace_2019-12-04_11:26:41.pcap']
서브 프로세스 : trace_2019-12-04_11:26:41.pcap
trace_2019-12-04_11:26:41.pcap ok
현재 작업 파일 리스트 : ['trace_2019-12-04_11:26:46.pcap']
서브 프로세스 : trace_2019-12-04_11:26:46.pcap
trace_2019-12-04_11:26:46.pcap ok
현재 작업 파일 리스트 : ['trace_2019-12-04_11:26:51.pcap']
서브 프로세스 : trace_2019-12-04_11:26:51.pcap
trace_2019-12-04_11:26:51.pcap ok
현재 작업 파일 리스트 : ['trace_2019-12-04_11:26:57.pcap']
서브 프로세스 : trace_2019-12-04_11:26:57.pcap
trace_2019-12-04_11:26:57.pcap ok
현재 작업 파일 리스트 : ['trace_2019-12-04_11:27:02.pcap']
서브 프로세스 : trace_2019-12-04_11:27:02.pcap
trace_2019-12-04_11:27:02.pcap ok
현재 작업 파일 리스트 : ['trace_2019-12-04_11:27:07.pcap']
서브 프로세스 : trace_2019-12-04_11:27:07.pcap
trace_2019-12-04_11:27:07.pcap ok
현재 작업 파일 리스트 : ['trace_2019-12-04_11:27:12.pcap']
서브 프로세스 : trace_2019-12-04_11:27:12.pcap
trace_2019-12-04_11:27:12.pcap ok
현재 작업 파일 리스트 : ['trace_2019-12-04_11:27:17.pcap']
서브 프로세스 : trace_2019-12-04_11:27:17.pcap
trace_2019-12-04_11:27:17.pcap ok
현재 작업 파일 리스트 : ['trace_2019-12-04_11:27:23.pcap']
서브 프로세스 : trace_2019-12-04_11:27:23.pcap
trace_2019-12-04_11:27:23.pcap ok
현재 작업 파일 리스트 : ['trace_2019-12-04_11:27:28.pcap']
서브 프로세스 : trace_2019-12-04_11:27:28.pcap
trace_2019-12-04_11:27:28.pcap ok
현재 작업 파일 리스트 : ['trace_2019-12-04_11:27:33.pcap']
서브 프로세스 : trace_2019-12-04_11:27:33.pcap
trace_2019-12-04_11:27:33.pcap ok
현재 작업 파일 리스트 : ['trace_2019-12-04_11:27:38.pcap']
서브 프로세스 : trace_2019-12-04_11:27:38.pcap
trace_2019-12-04_11:27:38.pcap ok
현재 작업 파일 리스트 : ['trace_2019-12-04_11:27:43.pcap']
서브 프로세스 : trace_2019-12-04_11:27:43.pcap
trace_2019-12-04_11:27:43.pcap ok
현재 작업 파일 리스트 : ['trace_2019-12-04_11:27:49.pcap']
서브 프로세스 : trace_2019-12-04_11:27:49.pcap
trace_2019-12-04_11:27:49.pcap ok
현재 작업 파일 리스트 : ['trace_2019-12-04_11:27:54.pcap']
서브 프로세스 : trace_2019-12-04_11:27:54.pcap
trace_2019-12-04_11:27:54.pcap ok
현재 작업 파일 리스트 : ['trace_2019-12-04_11:27:59.pcap']
서브 프로세스 : trace_2019-12-04_11:27:59.pcap
trace_2019-12-04_11:27:59.pcap ok
현재 작업 파일 리스트 : ['trace_2019-12-04_11:28:09.pcap', 'trace_2019-12-04_11:28:04.pcap']
서브 프로세스 : trace_2019-12-04_11:28:09.pcap
서브 프로세스 : trace_2019-12-04_11:28:04.pcap
tshark: The file "/home/pi/packet_convert/raw_pcap/trace_2019-12-04_11:28:09.pcap" appears to have been cut short in the middle of a packet.
trace_2019-12-04_11:28:04.pcap ok
trace_2019-12-04_11:28:09.pcap ok
현재 작업 파일 리스트 : ['trace_2019-12-04_11:28:15.pcap']
서브 프로세스 : trace_2019-12-04_11:28:15.pcap
tshark: The file "/home/pi/packet_convert/raw_pcap/trace_2019-12-04_11:28:15.pcap" appears to have been cut short in the middle of a packet.
trace_2019-12-04_11:28:15.pcap ok
현재 작업 파일 리스트 : ['trace_2019-12-04_11:28:20.pcap']
서브 프로세스 : trace_2019-12-04_11:28:20.pcap
tshark: The file "/home/pi/packet_convert/raw_pcap/trace_2019-12-04_11:28:20.pcap" appears to have been cut short in the middle of a packet.
trace_2019-12-04_11:28:20.pcap ok
현재 작업 파일 리스트 : ['trace_2019-12-04_11:28:25.pcap']
서브 프로세스 : trace_2019-12-04_11:28:25.pcap
tshark: The file "/home/pi/packet_convert/raw_pcap/trace_2019-12-04_11:28:25.pcap" appears to have been cut short in the middle of a packet.
trace_2019-12-04_11:28:25.pcap ok
현재 작업 파일 리스트 : ['trace_2019-12-04_11:28:30.pcap']
서브 프로세스 : trace_2019-12-04_11:28:30.pcap
trace_2019-12-04_11:28:30.pcap ok
현재 작업 파일 리스트 : ['trace_2019-12-04_11:28:35.pcap']
서브 프로세스 : trace_2019-12-04_11:28:35.pcap
trace_2019-12-04_11:28:35.pcap ok
현재 작업 파일 리스트 : ['trace_2019-12-04_11:28:41.pcap']
서브 프로세스 : trace_2019-12-04_11:28:41.pcap
trace_2019-12-04_11:28:41.pcap ok
현재 작업 파일 리스트 : ['trace_2019-12-04_11:28:46.pcap']
서브 프로세스 : trace_2019-12-04_11:28:46.pcap
trace_2019-12-04_11:28:46.pcap ok
현재 작업 파일 리스트 : ['trace_2019-12-04_11:28:51.pcap']
서브 프로세스 : trace_2019-12-04_11:28:51.pcap
trace_2019-12-04_11:28:51.pcap ok
현재 작업 파일 리스트 : ['trace_2019-12-04_11:28:56.pcap']
서브 프로세스 : trace_2019-12-04_11:28:56.pcap
trace_2019-12-04_11:28:56.pcap ok
현재 작업 파일 리스트 : ['trace_2019-12-04_11:29:01.pcap']
서브 프로세스 : trace_2019-12-04_11:29:01.pcap
trace_2019-12-04_11:29:01.pcap ok
현재 작업 파일 리스트 : ['trace_2019-12-04_11:29:07.pcap']
서브 프로세스 : trace_2019-12-04_11:29:07.pcap
trace_2019-12-04_11:29:07.pcap ok
현재 작업 파일 리스트 : ['trace_2019-12-04_11:29:12.pcap']
서브 프로세스 : trace_2019-12-04_11:29:12.pcap
trace_2019-12-04_11:29:12.pcap ok
현재 작업 파일 리스트 : ['trace_2019-12-04_11:29:17.pcap']
서브 프로세스 : trace_2019-12-04_11:29:17.pcap
trace_2019-12-04_11:29:17.pcap ok
현재 작업 파일 리스트 : ['trace_2019-12-04_11:29:22.pcap']
서브 프로세스 : trace_2019-12-04_11:29:22.pcap
trace_2019-12-04_11:29:22.pcap ok
현재 작업 파일 리스트 : ['trace_2019-12-04_11:29:27.pcap']
서브 프로세스 : trace_2019-12-04_11:29:27.pcap
trace_2019-12-04_11:29:27.pcap ok
현재 작업 파일 리스트 : ['trace_2019-12-04_11:29:33.pcap']
서브 프로세스 : trace_2019-12-04_11:29:33.pcap
trace_2019-12-04_11:29:33.pcap ok
현재 작업 파일 리스트 : ['trace_2019-12-04_11:29:38.pcap']
서브 프로세스 : trace_2019-12-04_11:29:38.pcap
trace_2019-12-04_11:29:38.pcap ok
현재 작업 파일 리스트 : ['trace_2019-12-04_11:29:43.pcap']
서브 프로세스 : trace_2019-12-04_11:29:43.pcap
trace_2019-12-04_11:29:43.pcap ok
현재 작업 파일 리스트 : ['trace_2019-12-04_11:29:48.pcap']
서브 프로세스 : trace_2019-12-04_11:29:48.pcap
trace_2019-12-04_11:29:48.pcap ok
현재 작업 파일 리스트 : ['trace_2019-12-04_11:29:53.pcap']
서브 프로세스 : trace_2019-12-04_11:29:53.pcap
trace_2019-12-04_11:29:53.pcap ok
현재 작업 파일 리스트 : ['trace_2019-12-04_11:29:59.pcap']
서브 프로세스 : trace_2019-12-04_11:29:59.pcap
trace_2019-12-04_11:29:59.pcap ok
현재 작업 파일 리스트 : ['trace_2019-12-04_11:30:04.pcap']
서브 프로세스 : trace_2019-12-04_11:30:04.pcap
trace_2019-12-04_11:30:04.pcap ok
현재 작업 파일 리스트 : ['trace_2019-12-04_11:30:09.pcap']
서브 프로세스 : trace_2019-12-04_11:30:09.pcap
trace_2019-12-04_11:30:09.pcap ok
현재 작업 파일 리스트 : ['trace_2019-12-04_11:30:14.pcap']
서브 프로세스 : trace_2019-12-04_11:30:14.pcap
trace_2019-12-04_11:30:14.pcap ok
현재 작업 파일 리스트 : ['trace_2019-12-04_11:30:19.pcap']
서브 프로세스 : trace_2019-12-04_11:30:19.pcap
trace_2019-12-04_11:30:19.pcap ok
현재 작업 파일 리스트 : ['trace_2019-12-04_11:30:25.pcap']
서브 프로세스 : trace_2019-12-04_11:30:25.pcap
trace_2019-12-04_11:30:25.pcap ok
현재 작업 파일 리스트 : ['trace_2019-12-04_11:30:30.pcap']
서브 프로세스 : trace_2019-12-04_11:30:30.pcap
trace_2019-12-04_11:30:30.pcap ok
현재 작업 파일 리스트 : ['trace_2019-12-04_11:30:35.pcap']
서브 프로세스 : trace_2019-12-04_11:30:35.pcap
trace_2019-12-04_11:30:35.pcap ok
현재 작업 파일 리스트 : ['trace_2019-12-04_11:30:40.pcap']
서브 프로세스 : trace_2019-12-04_11:30:40.pcap
trace_2019-12-04_11:30:40.pcap ok
현재 작업 파일 리스트 : ['trace_2019-12-04_11:30:45.pcap']
서브 프로세스 : trace_2019-12-04_11:30:45.pcap
trace_2019-12-04_11:30:45.pcap ok
현재 작업 파일 리스트 : ['trace_2019-12-04_11:30:51.pcap']
서브 프로세스 : trace_2019-12-04_11:30:51.pcap
trace_2019-12-04_11:30:51.pcap ok
현재 작업 파일 리스트 : ['trace_2019-12-04_11:30:56.pcap']
서브 프로세스 : trace_2019-12-04_11:30:56.pcap
trace_2019-12-04_11:30:56.pcap ok
현재 작업 파일 리스트 : ['trace_2019-12-04_11:31:01.pcap']
서브 프로세스 : trace_2019-12-04_11:31:01.pcap
trace_2019-12-04_11:31:01.pcap ok
현재 작업 파일 리스트 : ['trace_2019-12-04_11:31:06.pcap']
서브 프로세스 : trace_2019-12-04_11:31:06.pcap
trace_2019-12-04_11:31:06.pcap ok
현재 작업 파일 리스트 : ['trace_2019-12-04_11:31:11.pcap']
서브 프로세스 : trace_2019-12-04_11:31:11.pcap
trace_2019-12-04_11:31:11.pcap ok
현재 작업 파일 리스트 : ['trace_2019-12-04_11:31:22.pcap', 'trace_2019-12-04_11:31:17.pcap']
서브 프로세스 : trace_2019-12-04_11:31:22.pcap
서브 프로세스 : trace_2019-12-04_11:31:17.pcap
tshark: The file "/home/pi/packet_convert/raw_pcap/trace_2019-12-04_11:31:22.pcap" appears to have been cut short in the middle of a packet.
trace_2019-12-04_11:31:17.pcap ok
trace_2019-12-04_11:31:22.pcap ok
현재 작업 파일 리스트 : ['trace_2019-12-04_11:31:27.pcap']
서브 프로세스 : trace_2019-12-04_11:31:27.pcap
trace_2019-12-04_11:31:27.pcap ok
현재 작업 파일 리스트 : ['trace_2019-12-04_11:31:32.pcap']
서브 프로세스 : trace_2019-12-04_11:31:32.pcap
trace_2019-12-04_11:31:32.pcap ok
현재 작업 파일 리스트 : ['trace_2019-12-04_11:31:37.pcap']
서브 프로세스 : trace_2019-12-04_11:31:37.pcap
trace_2019-12-04_11:31:37.pcap ok
현재 작업 파일 리스트 : ['trace_2019-12-04_11:31:43.pcap']
서브 프로세스 : trace_2019-12-04_11:31:43.pcap
trace_2019-12-04_11:31:43.pcap ok
현재 작업 파일 리스트 : ['trace_2019-12-04_11:31:48.pcap']
서브 프로세스 : trace_2019-12-04_11:31:48.pcap
trace_2019-12-04_11:31:48.pcap ok
현재 작업 파일 리스트 : ['trace_2019-12-04_11:31:53.pcap']
서브 프로세스 : trace_2019-12-04_11:31:53.pcap
trace_2019-12-04_11:31:53.pcap ok
현재 작업 파일 리스트 : ['trace_2019-12-04_11:31:58.pcap']
서브 프로세스 : trace_2019-12-04_11:31:58.pcap
trace_2019-12-04_11:31:58.pcap ok
현재 작업 파일 리스트 : ['trace_2019-12-04_11:32:09.pcap', 'trace_2019-12-04_11:32:03.pcap']
서브 프로세스 : trace_2019-12-04_11:32:09.pcap
서브 프로세스 : trace_2019-12-04_11:32:03.pcap
tshark: The file "/home/pi/packet_convert/raw_pcap/trace_2019-12-04_11:32:09.pcap" appears to have been cut short in the middle of a packet.
trace_2019-12-04_11:32:03.pcap ok
trace_2019-12-04_11:32:09.pcap ok
현재 작업 파일 리스트 : ['trace_2019-12-04_11:32:14.pcap']
서브 프로세스 : trace_2019-12-04_11:32:14.pcap
trace_2019-12-04_11:32:14.pcap ok
현재 작업 파일 리스트 : ['trace_2019-12-04_11:32:19.pcap']
서브 프로세스 : trace_2019-12-04_11:32:19.pcap
trace_2019-12-04_11:32:19.pcap ok
현재 작업 파일 리스트 : ['trace_2019-12-04_11:32:24.pcap']
서브 프로세스 : trace_2019-12-04_11:32:24.pcap
trace_2019-12-04_11:32:24.pcap ok
현재 작업 파일 리스트 : ['trace_2019-12-04_11:32:29.pcap']
서브 프로세스 : trace_2019-12-04_11:32:29.pcap
trace_2019-12-04_11:32:29.pcap ok
현재 작업 파일 리스트 : ['trace_2019-12-04_11:32:35.pcap']
서브 프로세스 : trace_2019-12-04_11:32:35.pcap
현재 작업 이후 프로세스가 종료됩니다
trace_2019-12-04_11:32:35.pcap ok
